INFO - 2023-04-28 00:00:05 --> Session: Class initialized using 'CodeIgniter\Session\Handlers\FileHandler' driver.
INFO - 2023-04-28 00:00:14 --> Session: Class initialized using 'CodeIgniter\Session\Handlers\FileHandler' driver.
INFO - 2023-04-28 00:00:42 --> Session: Class initialized using 'CodeIgniter\Session\Handlers\FileHandler' driver.
INFO - 2023-04-28 00:01:01 --> Session: Class initialized using 'CodeIgniter\Session\Handlers\FileHandler' driver.
INFO - 2023-04-28 00:01:04 --> Session: Class initialized using 'CodeIgniter\Session\Handlers\FileHandler' driver.
INFO - 2023-04-28 00:01:08 --> Session: Class initialized using 'CodeIgniter\Session\Handlers\FileHandler' driver.
INFO - 2023-04-28 00:01:15 --> Session: Class initialized using 'CodeIgniter\Session\Handlers\FileHandler' driver.
INFO - 2023-04-28 00:02:11 --> Session: Class initialized using 'CodeIgniter\Session\Handlers\FileHandler' driver.
INFO - 2023-04-28 00:04:28 --> Session: Class initialized using 'CodeIgniter\Session\Handlers\FileHandler' driver.
INFO - 2023-04-28 00:31:52 --> Session: Class initialized using 'CodeIgniter\Session\Handlers\FileHandler' driver.
INFO - 2023-04-28 00:36:21 --> Session: Class initialized using 'CodeIgniter\Session\Handlers\FileHandler' driver.
INFO - 2023-04-28 00:36:36 --> Session: Class initialized using 'CodeIgniter\Session\Handlers\FileHandler' driver.
CRITICAL - 2023-04-28 00:36:36 --> Class "App\Models\InventarioModel" not found
in APPPATH\Controllers\Inventario.php on line 17.
 1 SYSTEMPATH\CodeIgniter.php(934): App\Controllers\Inventario->index()
 2 SYSTEMPATH\CodeIgniter.php(499): CodeIgniter\CodeIgniter->runController(Object(App\Controllers\Inventario))
 3 SYSTEMPATH\CodeIgniter.php(368): CodeIgniter\CodeIgniter->handleRequest(null, Object(Config\Cache), false)
 4 FCPATH\index.php(67): CodeIgniter\CodeIgniter->run()
INFO - 2023-04-28 00:36:41 --> Session: Class initialized using 'CodeIgniter\Session\Handlers\FileHandler' driver.
INFO - 2023-04-28 00:36:43 --> Session: Class initialized using 'CodeIgniter\Session\Handlers\FileHandler' driver.
CRITICAL - 2023-04-28 00:36:43 --> Class "App\Models\InventarioModel" not found
in APPPATH\Controllers\Inventario.php on line 17.
 1 SYSTEMPATH\CodeIgniter.php(934): App\Controllers\Inventario->index()
 2 SYSTEMPATH\CodeIgniter.php(499): CodeIgniter\CodeIgniter->runController(Object(App\Controllers\Inventario))
 3 SYSTEMPATH\CodeIgniter.php(368): CodeIgniter\CodeIgniter->handleRequest(null, Object(Config\Cache), false)
 4 FCPATH\index.php(67): CodeIgniter\CodeIgniter->run()
INFO - 2023-04-28 00:36:45 --> Session: Class initialized using 'CodeIgniter\Session\Handlers\FileHandler' driver.
CRITICAL - 2023-04-28 00:50:55 --> syntax error, unexpected token "}", expecting ";"
in APPPATH\Controllers\Home.php on line 17.
 1 SYSTEMPATH\Router\Router.php(507): CodeIgniter\Router\AutoRouter->getRoute('home/email')
 2 SYSTEMPATH\Router\Router.php(206): CodeIgniter\Router\Router->autoRoute('home/email')
 3 SYSTEMPATH\CodeIgniter.php(815): CodeIgniter\Router\Router->handle('home/email')
 4 SYSTEMPATH\CodeIgniter.php(449): CodeIgniter\CodeIgniter->tryToRouteIt(Object(CodeIgniter\Router\RouteCollection))
 5 SYSTEMPATH\CodeIgniter.php(368): CodeIgniter\CodeIgniter->handleRequest(null, Object(Config\Cache), false)
 6 FCPATH\index.php(67): CodeIgniter\CodeIgniter->run()
CRITICAL - 2023-04-28 04:16:52 --> strpos(): Argument #1 ($haystack) must be of type string, CodeIgniter\Email\Email given
in SYSTEMPATH\Email\Email.php on line 737.
 1 SYSTEMPATH\Email\Email.php(737): strpos(Object(CodeIgniter\Email\Email), ',')
 2 SYSTEMPATH\Email\Email.php(550): CodeIgniter\Email\Email->stringToArray(Object(CodeIgniter\Email\Email))
 3 APPPATH\Controllers\Home.php(31): CodeIgniter\Email\Email->setTo(Object(CodeIgniter\Email\Email))
 4 SYSTEMPATH\CodeIgniter.php(934): App\Controllers\Home->enviar_email()
 5 SYSTEMPATH\CodeIgniter.php(499): CodeIgniter\CodeIgniter->runController(Object(App\Controllers\Home))
 6 SYSTEMPATH\CodeIgniter.php(368): CodeIgniter\CodeIgniter->handleRequest(null, Object(Config\Cache), false)
 7 FCPATH\index.php(67): CodeIgniter\CodeIgniter->run()
CRITICAL - 2023-04-28 04:19:35 --> strpos(): Argument #1 ($haystack) must be of type string, CodeIgniter\Email\Email given
in SYSTEMPATH\Email\Email.php on line 737.
 1 SYSTEMPATH\Email\Email.php(737): strpos(Object(CodeIgniter\Email\Email), ',')
 2 SYSTEMPATH\Email\Email.php(550): CodeIgniter\Email\Email->stringToArray(Object(CodeIgniter\Email\Email))
 3 APPPATH\Controllers\Home.php(34): CodeIgniter\Email\Email->setTo(Object(CodeIgniter\Email\Email))
 4 SYSTEMPATH\CodeIgniter.php(934): App\Controllers\Home->enviar_email()
 5 SYSTEMPATH\CodeIgniter.php(499): CodeIgniter\CodeIgniter->runController(Object(App\Controllers\Home))
 6 SYSTEMPATH\CodeIgniter.php(368): CodeIgniter\CodeIgniter->handleRequest(null, Object(Config\Cache), false)
 7 FCPATH\index.php(67): CodeIgniter\CodeIgniter->run()
ERROR - 2023-04-28 04:20:06 --> Email: sendWithSmtp throwed ErrorException: stream_socket_enable_crypto(): SSL/TLS already set-up for this stream in E:\xampp\htdocs\codeigniter\system\Email\Email.php:1889
Stack trace:
#0 [internal function]: CodeIgniter\Debug\Exceptions->errorHandler(2, 'stream_socket_e...', 'E:\\xampp\\htdocs...', 1889)
#1 E:\xampp\htdocs\codeigniter\system\Email\Email.php(1889): stream_socket_enable_crypto(Resource id #112, true, 121)
#2 E:\xampp\htdocs\codeigniter\system\Email\Email.php(1782): CodeIgniter\Email\Email->SMTPConnect()
#3 E:\xampp\htdocs\codeigniter\system\Email\Email.php(1667): CodeIgniter\Email\Email->sendWithSmtp()
#4 E:\xampp\htdocs\codeigniter\system\Email\Email.php(1565): CodeIgniter\Email\Email->spoolEmail()
#5 E:\xampp\htdocs\codeigniter\app\Controllers\Home.php(41): CodeIgniter\Email\Email->send()
#6 E:\xampp\htdocs\codeigniter\system\CodeIgniter.php(934): App\Controllers\Home->enviar_email()
#7 E:\xampp\htdocs\codeigniter\system\CodeIgniter.php(499): CodeIgniter\CodeIgniter->runController(Object(App\Controllers\Home))
#8 E:\xampp\htdocs\codeigniter\system\CodeIgniter.php(368): CodeIgniter\CodeIgniter->handleRequest(NULL, Object(Config\Cache), false)
#9 E:\xampp\htdocs\codeigniter\index.php(67): CodeIgniter\CodeIgniter->run()
#10 {main}
ERROR - 2023-04-28 04:20:06 --> Email: Incapaz de enviar email usando PHP SMTP. Su servidor puede no estar configurado para enviar correos usando este método.
ERROR - 2023-04-28 04:20:06 --> 220 pdx1-sub0-mail-a316.dreamhost.com ESMTP

hello: 250-pdx1-sub0-mail-a316.dreamhost.com
250-PIPELINING
250-SIZE 40960000
250-ETRN
250-AUTH PLAIN LOGIN
250-AUTH=PLAIN LOGIN
250-ENHANCEDSTATUSCODES
250-8BITMIME
250 CHUNKING

starttls: 554 5.5.1 Error: TLS already active

Se han encontrado los siguientes errores SMTP: 554 5.5.1 Error: TLS already active

ERROR - 2023-04-28 04:21:21 --> Email: sendWithSmtp throwed ErrorException: stream_socket_enable_crypto(): SSL/TLS already set-up for this stream in E:\xampp\htdocs\codeigniter\system\Email\Email.php:1889
Stack trace:
#0 [internal function]: CodeIgniter\Debug\Exceptions->errorHandler(2, 'stream_socket_e...', 'E:\\xampp\\htdocs...', 1889)
#1 E:\xampp\htdocs\codeigniter\system\Email\Email.php(1889): stream_socket_enable_crypto(Resource id #112, true, 121)
#2 E:\xampp\htdocs\codeigniter\system\Email\Email.php(1782): CodeIgniter\Email\Email->SMTPConnect()
#3 E:\xampp\htdocs\codeigniter\system\Email\Email.php(1667): CodeIgniter\Email\Email->sendWithSmtp()
#4 E:\xampp\htdocs\codeigniter\system\Email\Email.php(1565): CodeIgniter\Email\Email->spoolEmail()
#5 E:\xampp\htdocs\codeigniter\app\Controllers\Home.php(41): CodeIgniter\Email\Email->send()
#6 E:\xampp\htdocs\codeigniter\system\CodeIgniter.php(934): App\Controllers\Home->enviar_email()
#7 E:\xampp\htdocs\codeigniter\system\CodeIgniter.php(499): CodeIgniter\CodeIgniter->runController(Object(App\Controllers\Home))
#8 E:\xampp\htdocs\codeigniter\system\CodeIgniter.php(368): CodeIgniter\CodeIgniter->handleRequest(NULL, Object(Config\Cache), false)
#9 E:\xampp\htdocs\codeigniter\index.php(67): CodeIgniter\CodeIgniter->run()
#10 {main}
ERROR - 2023-04-28 04:21:21 --> Email: Incapaz de enviar email usando PHP SMTP. Su servidor puede no estar configurado para enviar correos usando este método.
ERROR - 2023-04-28 04:21:21 --> 220 pdx1-sub0-mail-a316.dreamhost.com ESMTP

hello: 250-pdx1-sub0-mail-a316.dreamhost.com
250-PIPELINING
250-SIZE 40960000
250-ETRN
250-AUTH PLAIN LOGIN
250-AUTH=PLAIN LOGIN
250-ENHANCEDSTATUSCODES
250-8BITMIME
250 CHUNKING

starttls: 554 5.5.1 Error: TLS already active

Se han encontrado los siguientes errores SMTP: 554 5.5.1 Error: TLS already active

ERROR - 2023-04-28 04:21:51 --> Email: sendWithSmtp throwed ErrorException: stream_socket_enable_crypto(): SSL/TLS already set-up for this stream in E:\xampp\htdocs\codeigniter\system\Email\Email.php:1889
Stack trace:
#0 [internal function]: CodeIgniter\Debug\Exceptions->errorHandler(2, 'stream_socket_e...', 'E:\\xampp\\htdocs...', 1889)
#1 E:\xampp\htdocs\codeigniter\system\Email\Email.php(1889): stream_socket_enable_crypto(Resource id #112, true, 121)
#2 E:\xampp\htdocs\codeigniter\system\Email\Email.php(1782): CodeIgniter\Email\Email->SMTPConnect()
#3 E:\xampp\htdocs\codeigniter\system\Email\Email.php(1667): CodeIgniter\Email\Email->sendWithSmtp()
#4 E:\xampp\htdocs\codeigniter\system\Email\Email.php(1565): CodeIgniter\Email\Email->spoolEmail()
#5 E:\xampp\htdocs\codeigniter\app\Controllers\Home.php(41): CodeIgniter\Email\Email->send()
#6 E:\xampp\htdocs\codeigniter\system\CodeIgniter.php(934): App\Controllers\Home->enviar_email()
#7 E:\xampp\htdocs\codeigniter\system\CodeIgniter.php(499): CodeIgniter\CodeIgniter->runController(Object(App\Controllers\Home))
#8 E:\xampp\htdocs\codeigniter\system\CodeIgniter.php(368): CodeIgniter\CodeIgniter->handleRequest(NULL, Object(Config\Cache), false)
#9 E:\xampp\htdocs\codeigniter\index.php(67): CodeIgniter\CodeIgniter->run()
#10 {main}
ERROR - 2023-04-28 04:21:51 --> Email: Incapaz de enviar email usando PHP SMTP. Su servidor puede no estar configurado para enviar correos usando este método.
ERROR - 2023-04-28 04:21:51 --> 220 pdx1-sub0-mail-a316.dreamhost.com ESMTP

hello: 250-pdx1-sub0-mail-a316.dreamhost.com
250-PIPELINING
250-SIZE 40960000
250-ETRN
250-AUTH PLAIN LOGIN
250-AUTH=PLAIN LOGIN
250-ENHANCEDSTATUSCODES
250-8BITMIME
250 CHUNKING

starttls: 554 5.5.1 Error: TLS already active

Se han encontrado los siguientes errores SMTP: 554 5.5.1 Error: TLS already active

ERROR - 2023-04-28 04:23:01 --> Email: sendWithSmtp throwed ErrorException: stream_socket_enable_crypto(): SSL/TLS already set-up for this stream in E:\xampp\htdocs\codeigniter\system\Email\Email.php:1889
Stack trace:
#0 [internal function]: CodeIgniter\Debug\Exceptions->errorHandler(2, 'stream_socket_e...', 'E:\\xampp\\htdocs...', 1889)
#1 E:\xampp\htdocs\codeigniter\system\Email\Email.php(1889): stream_socket_enable_crypto(Resource id #112, true, 121)
#2 E:\xampp\htdocs\codeigniter\system\Email\Email.php(1782): CodeIgniter\Email\Email->SMTPConnect()
#3 E:\xampp\htdocs\codeigniter\system\Email\Email.php(1667): CodeIgniter\Email\Email->sendWithSmtp()
#4 E:\xampp\htdocs\codeigniter\system\Email\Email.php(1565): CodeIgniter\Email\Email->spoolEmail()
#5 E:\xampp\htdocs\codeigniter\app\Controllers\Home.php(41): CodeIgniter\Email\Email->send()
#6 E:\xampp\htdocs\codeigniter\system\CodeIgniter.php(934): App\Controllers\Home->enviar_email()
#7 E:\xampp\htdocs\codeigniter\system\CodeIgniter.php(499): CodeIgniter\CodeIgniter->runController(Object(App\Controllers\Home))
#8 E:\xampp\htdocs\codeigniter\system\CodeIgniter.php(368): CodeIgniter\CodeIgniter->handleRequest(NULL, Object(Config\Cache), false)
#9 E:\xampp\htdocs\codeigniter\index.php(67): CodeIgniter\CodeIgniter->run()
#10 {main}
ERROR - 2023-04-28 04:23:01 --> Email: Incapaz de enviar email usando PHP SMTP. Su servidor puede no estar configurado para enviar correos usando este método.
ERROR - 2023-04-28 04:23:01 --> 220 pdx1-sub0-mail-a316.dreamhost.com ESMTP

hello: 250-pdx1-sub0-mail-a316.dreamhost.com
250-PIPELINING
250-SIZE 40960000
250-ETRN
250-AUTH PLAIN LOGIN
250-AUTH=PLAIN LOGIN
250-ENHANCEDSTATUSCODES
250-8BITMIME
250 CHUNKING

starttls: 554 5.5.1 Error: TLS already active

Se han encontrado los siguientes errores SMTP: 554 5.5.1 Error: TLS already active

ERROR - 2023-04-28 04:24:24 --> Email: sendWithSmtp throwed ErrorException: stream_socket_enable_crypto(): SSL/TLS already set-up for this stream in E:\xampp\htdocs\codeigniter\system\Email\Email.php:1889
Stack trace:
#0 [internal function]: CodeIgniter\Debug\Exceptions->errorHandler(2, 'stream_socket_e...', 'E:\\xampp\\htdocs...', 1889)
#1 E:\xampp\htdocs\codeigniter\system\Email\Email.php(1889): stream_socket_enable_crypto(Resource id #112, true, 121)
#2 E:\xampp\htdocs\codeigniter\system\Email\Email.php(1782): CodeIgniter\Email\Email->SMTPConnect()
#3 E:\xampp\htdocs\codeigniter\system\Email\Email.php(1667): CodeIgniter\Email\Email->sendWithSmtp()
#4 E:\xampp\htdocs\codeigniter\system\Email\Email.php(1565): CodeIgniter\Email\Email->spoolEmail()
#5 E:\xampp\htdocs\codeigniter\app\Controllers\Home.php(41): CodeIgniter\Email\Email->send()
#6 E:\xampp\htdocs\codeigniter\system\CodeIgniter.php(934): App\Controllers\Home->enviar_email()
#7 E:\xampp\htdocs\codeigniter\system\CodeIgniter.php(499): CodeIgniter\CodeIgniter->runController(Object(App\Controllers\Home))
#8 E:\xampp\htdocs\codeigniter\system\CodeIgniter.php(368): CodeIgniter\CodeIgniter->handleRequest(NULL, Object(Config\Cache), false)
#9 E:\xampp\htdocs\codeigniter\index.php(67): CodeIgniter\CodeIgniter->run()
#10 {main}
ERROR - 2023-04-28 04:24:24 --> Email: Incapaz de enviar email usando PHP SMTP. Su servidor puede no estar configurado para enviar correos usando este método.
ERROR - 2023-04-28 04:24:24 --> 220 pdx1-sub0-mail-a316.dreamhost.com ESMTP

hello: 250-pdx1-sub0-mail-a316.dreamhost.com
250-PIPELINING
250-SIZE 40960000
250-ETRN
250-AUTH PLAIN LOGIN
250-AUTH=PLAIN LOGIN
250-ENHANCEDSTATUSCODES
250-8BITMIME
250 CHUNKING

starttls: 554 5.5.1 Error: TLS already active

Se han encontrado los siguientes errores SMTP: 554 5.5.1 Error: TLS already active

