INFO - 2023-04-06 00:37:48 --> Session: Class initialized using 'CodeIgniter\Session\Handlers\FileHandler' driver.
CRITICAL - 2023-04-06 00:37:48 --> Undefined property: App\Controllers\Unidad::$load
in APPPATH\Controllers\Unidad.php on line 15.
 1 APPPATH\Controllers\Unidad.php(15): CodeIgniter\Debug\Exceptions->errorHandler(2, 'Undefined property: App\\Controllers\\Unidad::$load', 'E:\\xampp\\htdocs\\codeigniter\\app\\Controllers\\Unidad.php', 15)
 2 SYSTEMPATH\CodeIgniter.php(934): App\Controllers\Unidad->index()
 3 SYSTEMPATH\CodeIgniter.php(499): CodeIgniter\CodeIgniter->runController(Object(App\Controllers\Unidad))
 4 SYSTEMPATH\CodeIgniter.php(368): CodeIgniter\CodeIgniter->handleRequest(null, Object(Config\Cache), false)
 5 FCPATH\index.php(67): CodeIgniter\CodeIgniter->run()
INFO - 2023-04-06 00:38:46 --> Session: Class initialized using 'CodeIgniter\Session\Handlers\FileHandler' driver.
CRITICAL - 2023-04-06 00:38:46 --> Undefined property: App\Controllers\Unidad::$load
in APPPATH\Controllers\Unidad.php on line 15.
 1 APPPATH\Controllers\Unidad.php(15): CodeIgniter\Debug\Exceptions->errorHandler(2, 'Undefined property: App\\Controllers\\Unidad::$load', 'E:\\xampp\\htdocs\\codeigniter\\app\\Controllers\\Unidad.php', 15)
 2 SYSTEMPATH\CodeIgniter.php(934): App\Controllers\Unidad->index()
 3 SYSTEMPATH\CodeIgniter.php(499): CodeIgniter\CodeIgniter->runController(Object(App\Controllers\Unidad))
 4 SYSTEMPATH\CodeIgniter.php(368): CodeIgniter\CodeIgniter->handleRequest(null, Object(Config\Cache), false)
 5 FCPATH\index.php(67): CodeIgniter\CodeIgniter->run()
INFO - 2023-04-06 00:40:34 --> Session: Class initialized using 'CodeIgniter\Session\Handlers\FileHandler' driver.
CRITICAL - 2023-04-06 00:40:34 --> Undefined property: App\Controllers\Unidad::$load
in APPPATH\Controllers\Unidad.php on line 15.
 1 APPPATH\Controllers\Unidad.php(15): CodeIgniter\Debug\Exceptions->errorHandler(2, 'Undefined property: App\\Controllers\\Unidad::$load', 'E:\\xampp\\htdocs\\codeigniter\\app\\Controllers\\Unidad.php', 15)
 2 SYSTEMPATH\CodeIgniter.php(934): App\Controllers\Unidad->index()
 3 SYSTEMPATH\CodeIgniter.php(499): CodeIgniter\CodeIgniter->runController(Object(App\Controllers\Unidad))
 4 SYSTEMPATH\CodeIgniter.php(368): CodeIgniter\CodeIgniter->handleRequest(null, Object(Config\Cache), false)
 5 FCPATH\index.php(67): CodeIgniter\CodeIgniter->run()
INFO - 2023-04-06 00:46:37 --> Session: Class initialized using 'CodeIgniter\Session\Handlers\FileHandler' driver.
CRITICAL - 2023-04-06 00:46:37 --> Undefined property: App\Controllers\Unidad::$load
in APPPATH\Controllers\Unidad.php on line 12.
 1 APPPATH\Controllers\Unidad.php(12): CodeIgniter\Debug\Exceptions->errorHandler(2, 'Undefined property: App\\Controllers\\Unidad::$load', 'E:\\xampp\\htdocs\\codeigniter\\app\\Controllers\\Unidad.php', 12)
 2 SYSTEMPATH\CodeIgniter.php(906): App\Controllers\Unidad->__construct()
 3 SYSTEMPATH\CodeIgniter.php(490): CodeIgniter\CodeIgniter->createController()
 4 SYSTEMPATH\CodeIgniter.php(368): CodeIgniter\CodeIgniter->handleRequest(null, Object(Config\Cache), false)
 5 FCPATH\index.php(67): CodeIgniter\CodeIgniter->run()
INFO - 2023-04-06 00:50:41 --> Session: Class initialized using 'CodeIgniter\Session\Handlers\FileHandler' driver.
CRITICAL - 2023-04-06 00:50:41 --> Call to undefined method App\Controllers\Unidad::helper()
in APPPATH\Controllers\Unidad.php on line 12.
 1 SYSTEMPATH\CodeIgniter.php(906): App\Controllers\Unidad->__construct()
 2 SYSTEMPATH\CodeIgniter.php(490): CodeIgniter\CodeIgniter->createController()
 3 SYSTEMPATH\CodeIgniter.php(368): CodeIgniter\CodeIgniter->handleRequest(null, Object(Config\Cache), false)
 4 FCPATH\index.php(67): CodeIgniter\CodeIgniter->run()
INFO - 2023-04-06 01:32:32 --> Session: Class initialized using 'CodeIgniter\Session\Handlers\FileHandler' driver.
CRITICAL - 2023-04-06 01:32:32 --> Undefined property: App\Controllers\Unidad::$load
in APPPATH\Controllers\Unidad.php on line 12.
 1 APPPATH\Controllers\Unidad.php(12): CodeIgniter\Debug\Exceptions->errorHandler(2, 'Undefined property: App\\Controllers\\Unidad::$load', 'E:\\xampp\\htdocs\\codeigniter\\app\\Controllers\\Unidad.php', 12)
 2 SYSTEMPATH\CodeIgniter.php(906): App\Controllers\Unidad->__construct()
 3 SYSTEMPATH\CodeIgniter.php(490): CodeIgniter\CodeIgniter->createController()
 4 SYSTEMPATH\CodeIgniter.php(368): CodeIgniter\CodeIgniter->handleRequest(null, Object(Config\Cache), false)
 5 FCPATH\index.php(67): CodeIgniter\CodeIgniter->run()
INFO - 2023-04-06 01:37:00 --> Session: Class initialized using 'CodeIgniter\Session\Handlers\FileHandler' driver.
CRITICAL - 2023-04-06 01:37:00 --> Call to undefined method App\Controllers\Unidad::helper()
in APPPATH\Controllers\Unidad.php on line 12.
 1 SYSTEMPATH\CodeIgniter.php(906): App\Controllers\Unidad->__construct()
 2 SYSTEMPATH\CodeIgniter.php(490): CodeIgniter\CodeIgniter->createController()
 3 SYSTEMPATH\CodeIgniter.php(368): CodeIgniter\CodeIgniter->handleRequest(null, Object(Config\Cache), false)
 4 FCPATH\index.php(67): CodeIgniter\CodeIgniter->run()
INFO - 2023-04-06 01:45:56 --> Session: Class initialized using 'CodeIgniter\Session\Handlers\FileHandler' driver.
CRITICAL - 2023-04-06 01:45:56 --> Call to undefined function App\Controllers\library()
in APPPATH\Controllers\Unidad.php on line 17.
 1 SYSTEMPATH\CodeIgniter.php(934): App\Controllers\Unidad->index()
 2 SYSTEMPATH\CodeIgniter.php(499): CodeIgniter\CodeIgniter->runController(Object(App\Controllers\Unidad))
 3 SYSTEMPATH\CodeIgniter.php(368): CodeIgniter\CodeIgniter->handleRequest(null, Object(Config\Cache), false)
 4 FCPATH\index.php(67): CodeIgniter\CodeIgniter->run()
INFO - 2023-04-06 01:46:08 --> Session: Class initialized using 'CodeIgniter\Session\Handlers\FileHandler' driver.
CRITICAL - 2023-04-06 01:46:08 --> Undefined variable $name
in APPPATH\Controllers\Unidad.php on line 18.
 1 APPPATH\Controllers\Unidad.php(18): CodeIgniter\Debug\Exceptions->errorHandler(2, 'Undefined variable $name', 'E:\\xampp\\htdocs\\codeigniter\\app\\Controllers\\Unidad.php', 18)
 2 SYSTEMPATH\CodeIgniter.php(934): App\Controllers\Unidad->index()
 3 SYSTEMPATH\CodeIgniter.php(499): CodeIgniter\CodeIgniter->runController(Object(App\Controllers\Unidad))
 4 SYSTEMPATH\CodeIgniter.php(368): CodeIgniter\CodeIgniter->handleRequest(null, Object(Config\Cache), false)
 5 FCPATH\index.php(67): CodeIgniter\CodeIgniter->run()
INFO - 2023-04-06 01:48:53 --> Session: Class initialized using 'CodeIgniter\Session\Handlers\FileHandler' driver.
CRITICAL - 2023-04-06 01:48:53 --> Undefined variable $name
in APPPATH\Controllers\Unidad.php on line 18.
 1 APPPATH\Controllers\Unidad.php(18): CodeIgniter\Debug\Exceptions->errorHandler(2, 'Undefined variable $name', 'E:\\xampp\\htdocs\\codeigniter\\app\\Controllers\\Unidad.php', 18)
 2 SYSTEMPATH\CodeIgniter.php(934): App\Controllers\Unidad->index()
 3 SYSTEMPATH\CodeIgniter.php(499): CodeIgniter\CodeIgniter->runController(Object(App\Controllers\Unidad))
 4 SYSTEMPATH\CodeIgniter.php(368): CodeIgniter\CodeIgniter->handleRequest(null, Object(Config\Cache), false)
 5 FCPATH\index.php(67): CodeIgniter\CodeIgniter->run()
