INFO - 2023-05-07 19:44:29 --> Session: Class initialized using 'CodeIgniter\Session\Handlers\FileHandler' driver.
INFO - 2023-05-07 19:44:35 --> Session: Class initialized using 'CodeIgniter\Session\Handlers\FileHandler' driver.
INFO - 2023-05-07 20:00:56 --> Session: Class initialized using 'CodeIgniter\Session\Handlers\FileHandler' driver.
INFO - 2023-05-07 20:01:02 --> Session: Class initialized using 'CodeIgniter\Session\Handlers\FileHandler' driver.
INFO - 2023-05-07 20:01:20 --> Session: Class initialized using 'CodeIgniter\Session\Handlers\FileHandler' driver.
INFO - 2023-05-07 20:01:21 --> Session: Class initialized using 'CodeIgniter\Session\Handlers\FileHandler' driver.
INFO - 2023-05-07 20:01:24 --> Session: Class initialized using 'CodeIgniter\Session\Handlers\FileHandler' driver.
ERROR - 2023-05-07 20:01:24 --> mysqli_sql_exception: Duplicate entry '0' for key 'PRIMARY' in E:\xampp\htdocs\codeigniter\system\Database\MySQLi\Connection.php:295
Stack trace:
#0 E:\xampp\htdocs\codeigniter\system\Database\MySQLi\Connection.php(295): mysqli->query('INSERT INTO `ar...', 0)
#1 E:\xampp\htdocs\codeigniter\system\Database\BaseConnection.php(691): CodeIgniter\Database\MySQLi\Connection->execute('INSERT INTO `ar...')
#2 E:\xampp\htdocs\codeigniter\system\Database\BaseConnection.php(605): CodeIgniter\Database\BaseConnection->simpleQuery('INSERT INTO `ar...')
#3 E:\xampp\htdocs\codeigniter\app\Models\CajaModel.php(101): CodeIgniter\Database\BaseConnection->query('INSERT INTO `ar...', Array)
#4 E:\xampp\htdocs\codeigniter\app\Controllers\Caja.php(106): App\Models\cajaModel->arqueo_inicio(Array)
#5 E:\xampp\htdocs\codeigniter\system\CodeIgniter.php(934): App\Controllers\Caja->arqueo_caja()
#6 E:\xampp\htdocs\codeigniter\system\CodeIgniter.php(499): CodeIgniter\CodeIgniter->runController(Object(App\Controllers\Caja))
#7 E:\xampp\htdocs\codeigniter\system\CodeIgniter.php(368): CodeIgniter\CodeIgniter->handleRequest(NULL, Object(Config\Cache), false)
#8 E:\xampp\htdocs\codeigniter\index.php(67): CodeIgniter\CodeIgniter->run()
#9 {main}
CRITICAL - 2023-05-07 20:01:24 --> Duplicate entry '0' for key 'PRIMARY'
in SYSTEMPATH\Database\MySQLi\Connection.php on line 295.
 1 SYSTEMPATH\Database\MySQLi\Connection.php(295): mysqli->query('INSERT INTO `arqueo_caja` (`fkcaja`, `fk_usuario`, `monto_inicial`,`horario_inicio`) 
        VALUES ( \'1\',\'1\',\'100\', NOW());', 0)
 2 SYSTEMPATH\Database\BaseConnection.php(691): CodeIgniter\Database\MySQLi\Connection->execute('INSERT INTO `arqueo_caja` (`fkcaja`, `fk_usuario`, `monto_inicial`,`horario_inicio`) 
        VALUES ( \'1\',\'1\',\'100\', NOW());')
 3 SYSTEMPATH\Database\BaseConnection.php(605): CodeIgniter\Database\BaseConnection->simpleQuery('INSERT INTO `arqueo_caja` (`fkcaja`, `fk_usuario`, `monto_inicial`,`horario_inicio`) 
        VALUES ( \'1\',\'1\',\'100\', NOW());')
 4 APPPATH\Models\CajaModel.php(101): CodeIgniter\Database\BaseConnection->query('INSERT INTO `arqueo_caja` (`fkcaja`, `fk_usuario`, `monto_inicial`,`horario_inicio`) 
        VALUES ( ?,?,?, NOW());', [...])
 5 APPPATH\Controllers\Caja.php(106): App\Models\cajaModel->arqueo_inicio([...])
 6 SYSTEMPATH\CodeIgniter.php(934): App\Controllers\Caja->arqueo_caja()
 7 SYSTEMPATH\CodeIgniter.php(499): CodeIgniter\CodeIgniter->runController(Object(App\Controllers\Caja))
 8 SYSTEMPATH\CodeIgniter.php(368): CodeIgniter\CodeIgniter->handleRequest(null, Object(Config\Cache), false)
 9 FCPATH\index.php(67): CodeIgniter\CodeIgniter->run()
