INFO - 2023-04-24 01:04:07 --> Session: Class initialized using 'CodeIgniter\Session\Handlers\FileHandler' driver.
INFO - 2023-04-24 01:04:14 --> Session: Class initialized using 'CodeIgniter\Session\Handlers\FileHandler' driver.
INFO - 2023-04-24 01:04:18 --> Session: Class initialized using 'CodeIgniter\Session\Handlers\FileHandler' driver.
INFO - 2023-04-24 01:07:16 --> Session: Class initialized using 'CodeIgniter\Session\Handlers\FileHandler' driver.
INFO - 2023-04-24 02:00:20 --> Session: Class initialized using 'CodeIgniter\Session\Handlers\FileHandler' driver.
INFO - 2023-04-24 02:00:44 --> Session: Class initialized using 'CodeIgniter\Session\Handlers\FileHandler' driver.
INFO - 2023-04-24 02:05:23 --> Session: Class initialized using 'CodeIgniter\Session\Handlers\FileHandler' driver.
INFO - 2023-04-24 02:05:24 --> Session: Class initialized using 'CodeIgniter\Session\Handlers\FileHandler' driver.
INFO - 2023-04-24 02:05:33 --> Session: Class initialized using 'CodeIgniter\Session\Handlers\FileHandler' driver.
INFO - 2023-04-24 02:05:53 --> Session: Class initialized using 'CodeIgniter\Session\Handlers\FileHandler' driver.
INFO - 2023-04-24 02:05:57 --> Session: Class initialized using 'CodeIgniter\Session\Handlers\FileHandler' driver.
INFO - 2023-04-24 02:06:04 --> Session: Class initialized using 'CodeIgniter\Session\Handlers\FileHandler' driver.
INFO - 2023-04-24 02:06:04 --> Session: Class initialized using 'CodeIgniter\Session\Handlers\FileHandler' driver.
INFO - 2023-04-24 02:06:09 --> Session: Class initialized using 'CodeIgniter\Session\Handlers\FileHandler' driver.
INFO - 2023-04-24 02:06:34 --> Session: Class initialized using 'CodeIgniter\Session\Handlers\FileHandler' driver.
INFO - 2023-04-24 02:06:44 --> Session: Class initialized using 'CodeIgniter\Session\Handlers\FileHandler' driver.
INFO - 2023-04-24 02:06:56 --> Session: Class initialized using 'CodeIgniter\Session\Handlers\FileHandler' driver.
INFO - 2023-04-24 02:07:37 --> Session: Class initialized using 'CodeIgniter\Session\Handlers\FileHandler' driver.
INFO - 2023-04-24 02:07:39 --> Session: Class initialized using 'CodeIgniter\Session\Handlers\FileHandler' driver.
INFO - 2023-04-24 02:07:42 --> Session: Class initialized using 'CodeIgniter\Session\Handlers\FileHandler' driver.
INFO - 2023-04-24 02:07:43 --> Session: Class initialized using 'CodeIgniter\Session\Handlers\FileHandler' driver.
INFO - 2023-04-24 02:07:54 --> Session: Class initialized using 'CodeIgniter\Session\Handlers\FileHandler' driver.
INFO - 2023-04-24 02:07:55 --> Session: Class initialized using 'CodeIgniter\Session\Handlers\FileHandler' driver.
INFO - 2023-04-24 02:08:05 --> Session: Class initialized using 'CodeIgniter\Session\Handlers\FileHandler' driver.
INFO - 2023-04-24 02:08:10 --> Session: Class initialized using 'CodeIgniter\Session\Handlers\FileHandler' driver.
INFO - 2023-04-24 02:08:13 --> Session: Class initialized using 'CodeIgniter\Session\Handlers\FileHandler' driver.
INFO - 2023-04-24 02:08:23 --> Session: Class initialized using 'CodeIgniter\Session\Handlers\FileHandler' driver.
INFO - 2023-04-24 02:08:29 --> Session: Class initialized using 'CodeIgniter\Session\Handlers\FileHandler' driver.
CRITICAL - 2023-04-24 02:08:29 --> Cannot access offset of type string on string
in APPPATH\Models\ProductoModel.php on line 102.
 1 APPPATH\Controllers\Producto.php(61): App\Models\ProductoModel->insertar('Entrada Inventario')
 2 SYSTEMPATH\CodeIgniter.php(934): App\Controllers\Producto->insert()
 3 SYSTEMPATH\CodeIgniter.php(499): CodeIgniter\CodeIgniter->runController(Object(App\Controllers\Producto))
 4 SYSTEMPATH\CodeIgniter.php(368): CodeIgniter\CodeIgniter->handleRequest(null, Object(Config\Cache), false)
 5 FCPATH\index.php(67): CodeIgniter\CodeIgniter->run()
INFO - 2023-04-24 02:09:05 --> Session: Class initialized using 'CodeIgniter\Session\Handlers\FileHandler' driver.
CRITICAL - 2023-04-24 02:09:05 --> Cannot access offset of type string on string
in APPPATH\Models\ProductoModel.php on line 102.
 1 APPPATH\Controllers\Producto.php(61): App\Models\ProductoModel->insertar('Entrada Inventario')
 2 SYSTEMPATH\CodeIgniter.php(934): App\Controllers\Producto->insert()
 3 SYSTEMPATH\CodeIgniter.php(499): CodeIgniter\CodeIgniter->runController(Object(App\Controllers\Producto))
 4 SYSTEMPATH\CodeIgniter.php(368): CodeIgniter\CodeIgniter->handleRequest(null, Object(Config\Cache), false)
 5 FCPATH\index.php(67): CodeIgniter\CodeIgniter->run()
INFO - 2023-04-24 02:10:03 --> Session: Class initialized using 'CodeIgniter\Session\Handlers\FileHandler' driver.
CRITICAL - 2023-04-24 02:10:03 --> Cannot access offset of type string on string
in APPPATH\Models\ProductoModel.php on line 102.
 1 APPPATH\Controllers\Producto.php(61): App\Models\ProductoModel->insertar('Entrada Inventario')
 2 SYSTEMPATH\CodeIgniter.php(934): App\Controllers\Producto->insert()
 3 SYSTEMPATH\CodeIgniter.php(499): CodeIgniter\CodeIgniter->runController(Object(App\Controllers\Producto))
 4 SYSTEMPATH\CodeIgniter.php(368): CodeIgniter\CodeIgniter->handleRequest(null, Object(Config\Cache), false)
 5 FCPATH\index.php(67): CodeIgniter\CodeIgniter->run()
INFO - 2023-04-24 02:10:32 --> Session: Class initialized using 'CodeIgniter\Session\Handlers\FileHandler' driver.
CRITICAL - 2023-04-24 02:10:32 --> Cannot access offset of type string on string
in APPPATH\Models\ProductoModel.php on line 102.
 1 APPPATH\Controllers\Producto.php(61): App\Models\ProductoModel->insertar('Entrada Inventario')
 2 SYSTEMPATH\CodeIgniter.php(934): App\Controllers\Producto->insert()
 3 SYSTEMPATH\CodeIgniter.php(499): CodeIgniter\CodeIgniter->runController(Object(App\Controllers\Producto))
 4 SYSTEMPATH\CodeIgniter.php(368): CodeIgniter\CodeIgniter->handleRequest(null, Object(Config\Cache), false)
 5 FCPATH\index.php(67): CodeIgniter\CodeIgniter->run()
INFO - 2023-04-24 02:11:28 --> Session: Class initialized using 'CodeIgniter\Session\Handlers\FileHandler' driver.
CRITICAL - 2023-04-24 02:11:28 --> Cannot access offset of type string on string
in APPPATH\Models\ProductoModel.php on line 102.
 1 APPPATH\Controllers\Producto.php(61): App\Models\ProductoModel->insertar('Entrada Inventario')
 2 SYSTEMPATH\CodeIgniter.php(934): App\Controllers\Producto->insert()
 3 SYSTEMPATH\CodeIgniter.php(499): CodeIgniter\CodeIgniter->runController(Object(App\Controllers\Producto))
 4 SYSTEMPATH\CodeIgniter.php(368): CodeIgniter\CodeIgniter->handleRequest(null, Object(Config\Cache), false)
 5 FCPATH\index.php(67): CodeIgniter\CodeIgniter->run()
INFO - 2023-04-24 02:12:29 --> Session: Class initialized using 'CodeIgniter\Session\Handlers\FileHandler' driver.
CRITICAL - 2023-04-24 02:12:29 --> Cannot access offset of type string on string
in APPPATH\Models\ProductoModel.php on line 102.
 1 APPPATH\Controllers\Producto.php(61): App\Models\ProductoModel->insertar('Entrada Inventario')
 2 SYSTEMPATH\CodeIgniter.php(934): App\Controllers\Producto->insert()
 3 SYSTEMPATH\CodeIgniter.php(499): CodeIgniter\CodeIgniter->runController(Object(App\Controllers\Producto))
 4 SYSTEMPATH\CodeIgniter.php(368): CodeIgniter\CodeIgniter->handleRequest(null, Object(Config\Cache), false)
 5 FCPATH\index.php(67): CodeIgniter\CodeIgniter->run()
INFO - 2023-04-24 02:12:54 --> Session: Class initialized using 'CodeIgniter\Session\Handlers\FileHandler' driver.
CRITICAL - 2023-04-24 02:12:54 --> Cannot access offset of type string on string
in APPPATH\Models\ProductoModel.php on line 102.
 1 APPPATH\Controllers\Producto.php(61): App\Models\ProductoModel->insertar('Entrada Inventario')
 2 SYSTEMPATH\CodeIgniter.php(934): App\Controllers\Producto->insert()
 3 SYSTEMPATH\CodeIgniter.php(499): CodeIgniter\CodeIgniter->runController(Object(App\Controllers\Producto))
 4 SYSTEMPATH\CodeIgniter.php(368): CodeIgniter\CodeIgniter->handleRequest(null, Object(Config\Cache), false)
 5 FCPATH\index.php(67): CodeIgniter\CodeIgniter->run()
INFO - 2023-04-24 02:13:16 --> Session: Class initialized using 'CodeIgniter\Session\Handlers\FileHandler' driver.
CRITICAL - 2023-04-24 02:13:16 --> Cannot access offset of type string on string
in APPPATH\Models\ProductoModel.php on line 102.
 1 APPPATH\Controllers\Producto.php(61): App\Models\ProductoModel->insertar('Entrada Inventario')
 2 SYSTEMPATH\CodeIgniter.php(934): App\Controllers\Producto->insert()
 3 SYSTEMPATH\CodeIgniter.php(499): CodeIgniter\CodeIgniter->runController(Object(App\Controllers\Producto))
 4 SYSTEMPATH\CodeIgniter.php(368): CodeIgniter\CodeIgniter->handleRequest(null, Object(Config\Cache), false)
 5 FCPATH\index.php(67): CodeIgniter\CodeIgniter->run()
INFO - 2023-04-24 02:13:59 --> Session: Class initialized using 'CodeIgniter\Session\Handlers\FileHandler' driver.
CRITICAL - 2023-04-24 02:13:59 --> Cannot access offset of type string on string
in APPPATH\Models\ProductoModel.php on line 102.
 1 APPPATH\Controllers\Producto.php(61): App\Models\ProductoModel->insertar('Entrada Inventario')
 2 SYSTEMPATH\CodeIgniter.php(934): App\Controllers\Producto->insert()
 3 SYSTEMPATH\CodeIgniter.php(499): CodeIgniter\CodeIgniter->runController(Object(App\Controllers\Producto))
 4 SYSTEMPATH\CodeIgniter.php(368): CodeIgniter\CodeIgniter->handleRequest(null, Object(Config\Cache), false)
 5 FCPATH\index.php(67): CodeIgniter\CodeIgniter->run()
INFO - 2023-04-24 02:15:15 --> Session: Class initialized using 'CodeIgniter\Session\Handlers\FileHandler' driver.
INFO - 2023-04-24 02:15:15 --> Session: Class initialized using 'CodeIgniter\Session\Handlers\FileHandler' driver.
INFO - 2023-04-24 02:15:25 --> Session: Class initialized using 'CodeIgniter\Session\Handlers\FileHandler' driver.
INFO - 2023-04-24 02:15:25 --> Session: Class initialized using 'CodeIgniter\Session\Handlers\FileHandler' driver.
INFO - 2023-04-24 02:15:27 --> Session: Class initialized using 'CodeIgniter\Session\Handlers\FileHandler' driver.
INFO - 2023-04-24 02:15:27 --> Session: Class initialized using 'CodeIgniter\Session\Handlers\FileHandler' driver.
INFO - 2023-04-24 02:15:30 --> Session: Class initialized using 'CodeIgniter\Session\Handlers\FileHandler' driver.
INFO - 2023-04-24 02:15:30 --> Session: Class initialized using 'CodeIgniter\Session\Handlers\FileHandler' driver.
INFO - 2023-04-24 02:15:37 --> Session: Class initialized using 'CodeIgniter\Session\Handlers\FileHandler' driver.
INFO - 2023-04-24 02:15:41 --> Session: Class initialized using 'CodeIgniter\Session\Handlers\FileHandler' driver.
ERROR - 2023-04-24 02:15:41 --> mysqli_sql_exception: You have an error in your SQL syntax; check the manual that corresponds to your MariaDB server version for the right syntax to use near '?,  `description`    = ?, 
            `codigo`         = ?,  `foto`        ...' at line 2 in E:\xampp\htdocs\codeigniter\system\Database\MySQLi\Connection.php:295
Stack trace:
#0 E:\xampp\htdocs\codeigniter\system\Database\MySQLi\Connection.php(295): mysqli->query('UPDATE `product...', 0)
#1 E:\xampp\htdocs\codeigniter\system\Database\BaseConnection.php(691): CodeIgniter\Database\MySQLi\Connection->execute('UPDATE `product...')
#2 E:\xampp\htdocs\codeigniter\system\Database\BaseConnection.php(605): CodeIgniter\Database\BaseConnection->simpleQuery('UPDATE `product...')
#3 E:\xampp\htdocs\codeigniter\app\Models\ProductoModel.php(149): CodeIgniter\Database\BaseConnection->query('UPDATE `product...', '5')
#4 E:\xampp\htdocs\codeigniter\app\Controllers\Producto.php(104): App\Models\ProductoModel->actualizar('5', Array)
#5 E:\xampp\htdocs\codeigniter\system\CodeIgniter.php(934): App\Controllers\Producto->update()
#6 E:\xampp\htdocs\codeigniter\system\CodeIgniter.php(499): CodeIgniter\CodeIgniter->runController(Object(App\Controllers\Producto))
#7 E:\xampp\htdocs\codeigniter\system\CodeIgniter.php(368): CodeIgniter\CodeIgniter->handleRequest(NULL, Object(Config\Cache), false)
#8 E:\xampp\htdocs\codeigniter\index.php(67): CodeIgniter\CodeIgniter->run()
#9 {main}
CRITICAL - 2023-04-24 02:15:41 --> You have an error in your SQL syntax; check the manual that corresponds to your MariaDB server version for the right syntax to use near '?,  `description`    = ?, 
            `codigo`         = ?,  `foto`        ...' at line 2
in SYSTEMPATH\Database\MySQLi\Connection.php on line 295.
 1 SYSTEMPATH\Database\MySQLi\Connection.php(295): mysqli->query('UPDATE `producto` SET 
            `name`           = ?,  `description`    = ?, 
            `codigo`         = ?,  `foto`           = ?, 
            `stocks`         = ?,  `minimo`         = ?, 
            `precio_compra`  = ?,  `precio_venta`   = ?, 
            `fk_unidad`      = ?,  `fk_categoria`   = ?,
            `updated_at` = NOW() 
          WHERE `producto`.`idproducto` IN (?);', 0)
 2 SYSTEMPATH\Database\BaseConnection.php(691): CodeIgniter\Database\MySQLi\Connection->execute('UPDATE `producto` SET 
            `name`           = ?,  `description`    = ?, 
            `codigo`         = ?,  `foto`           = ?, 
            `stocks`         = ?,  `minimo`         = ?, 
            `precio_compra`  = ?,  `precio_venta`   = ?, 
            `fk_unidad`      = ?,  `fk_categoria`   = ?,
            `updated_at` = NOW() 
          WHERE `producto`.`idproducto` IN (?);')
 3 SYSTEMPATH\Database\BaseConnection.php(605): CodeIgniter\Database\BaseConnection->simpleQuery('UPDATE `producto` SET 
            `name`           = ?,  `description`    = ?, 
            `codigo`         = ?,  `foto`           = ?, 
            `stocks`         = ?,  `minimo`         = ?, 
            `precio_compra`  = ?,  `precio_venta`   = ?, 
            `fk_unidad`      = ?,  `fk_categoria`   = ?,
            `updated_at` = NOW() 
          WHERE `producto`.`idproducto` IN (?);')
 4 APPPATH\Models\ProductoModel.php(149): CodeIgniter\Database\BaseConnection->query('UPDATE `producto` SET 
            `name`           = ?,  `description`    = ?, 
            `codigo`         = ?,  `foto`           = ?, 
            `stocks`         = ?,  `minimo`         = ?, 
            `precio_compra`  = ?,  `precio_venta`   = ?, 
            `fk_unidad`      = ?,  `fk_categoria`   = ?,
            `updated_at` = NOW() 
          WHERE `producto`.`idproducto` IN (?);', '5')
 5 APPPATH\Controllers\Producto.php(104): App\Models\ProductoModel->actualizar('5', [...])
 6 SYSTEMPATH\CodeIgniter.php(934): App\Controllers\Producto->update()
 7 SYSTEMPATH\CodeIgniter.php(499): CodeIgniter\CodeIgniter->runController(Object(App\Controllers\Producto))
 8 SYSTEMPATH\CodeIgniter.php(368): CodeIgniter\CodeIgniter->handleRequest(null, Object(Config\Cache), false)
 9 FCPATH\index.php(67): CodeIgniter\CodeIgniter->run()
INFO - 2023-04-24 02:16:43 --> Session: Class initialized using 'CodeIgniter\Session\Handlers\FileHandler' driver.
INFO - 2023-04-24 02:16:51 --> Session: Class initialized using 'CodeIgniter\Session\Handlers\FileHandler' driver.
INFO - 2023-04-24 02:16:55 --> Session: Class initialized using 'CodeIgniter\Session\Handlers\FileHandler' driver.
INFO - 2023-04-24 02:16:59 --> Session: Class initialized using 'CodeIgniter\Session\Handlers\FileHandler' driver.
INFO - 2023-04-24 02:17:16 --> Session: Class initialized using 'CodeIgniter\Session\Handlers\FileHandler' driver.
INFO - 2023-04-24 02:17:20 --> Session: Class initialized using 'CodeIgniter\Session\Handlers\FileHandler' driver.
INFO - 2023-04-24 02:19:07 --> Session: Class initialized using 'CodeIgniter\Session\Handlers\FileHandler' driver.
INFO - 2023-04-24 02:19:12 --> Session: Class initialized using 'CodeIgniter\Session\Handlers\FileHandler' driver.
INFO - 2023-04-24 02:19:17 --> Session: Class initialized using 'CodeIgniter\Session\Handlers\FileHandler' driver.
INFO - 2023-04-24 02:19:36 --> Session: Class initialized using 'CodeIgniter\Session\Handlers\FileHandler' driver.
INFO - 2023-04-24 02:19:40 --> Session: Class initialized using 'CodeIgniter\Session\Handlers\FileHandler' driver.
ERROR - 2023-04-24 02:19:40 --> mysqli_sql_exception: You have an error in your SQL syntax; check the manual that corresponds to your MariaDB server version for the right syntax to use near '?,  `description`    = ?, 
            `codigo`         = ?,  `foto`        ...' at line 2 in E:\xampp\htdocs\codeigniter\system\Database\MySQLi\Connection.php:295
Stack trace:
#0 E:\xampp\htdocs\codeigniter\system\Database\MySQLi\Connection.php(295): mysqli->query('UPDATE `product...', 0)
#1 E:\xampp\htdocs\codeigniter\system\Database\BaseConnection.php(691): CodeIgniter\Database\MySQLi\Connection->execute('UPDATE `product...')
#2 E:\xampp\htdocs\codeigniter\system\Database\BaseConnection.php(605): CodeIgniter\Database\BaseConnection->simpleQuery('UPDATE `product...')
#3 E:\xampp\htdocs\codeigniter\app\Models\ProductoModel.php(149): CodeIgniter\Database\BaseConnection->query('UPDATE `product...', '5')
#4 E:\xampp\htdocs\codeigniter\app\Controllers\Producto.php(104): App\Models\ProductoModel->actualizar('5', Array)
#5 E:\xampp\htdocs\codeigniter\system\CodeIgniter.php(934): App\Controllers\Producto->update()
#6 E:\xampp\htdocs\codeigniter\system\CodeIgniter.php(499): CodeIgniter\CodeIgniter->runController(Object(App\Controllers\Producto))
#7 E:\xampp\htdocs\codeigniter\system\CodeIgniter.php(368): CodeIgniter\CodeIgniter->handleRequest(NULL, Object(Config\Cache), false)
#8 E:\xampp\htdocs\codeigniter\index.php(67): CodeIgniter\CodeIgniter->run()
#9 {main}
CRITICAL - 2023-04-24 02:19:40 --> You have an error in your SQL syntax; check the manual that corresponds to your MariaDB server version for the right syntax to use near '?,  `description`    = ?, 
            `codigo`         = ?,  `foto`        ...' at line 2
in SYSTEMPATH\Database\MySQLi\Connection.php on line 295.
 1 SYSTEMPATH\Database\MySQLi\Connection.php(295): mysqli->query('UPDATE `producto` SET 
            `name`           = ?,  `description`    = ?, 
            `codigo`         = ?,  `foto`           = ?, 
            `stocks`         = ?,  `minimo`         = ?, 
            `precio_compra`  = ?,  `precio_venta`   = ?, 
            `fk_unidad`      = ?,  `fk_categoria`   = ?,
            `updated_at` = NOW() 
          WHERE `producto`.`idproducto` IN (?);', 0)
 2 SYSTEMPATH\Database\BaseConnection.php(691): CodeIgniter\Database\MySQLi\Connection->execute('UPDATE `producto` SET 
            `name`           = ?,  `description`    = ?, 
            `codigo`         = ?,  `foto`           = ?, 
            `stocks`         = ?,  `minimo`         = ?, 
            `precio_compra`  = ?,  `precio_venta`   = ?, 
            `fk_unidad`      = ?,  `fk_categoria`   = ?,
            `updated_at` = NOW() 
          WHERE `producto`.`idproducto` IN (?);')
 3 SYSTEMPATH\Database\BaseConnection.php(605): CodeIgniter\Database\BaseConnection->simpleQuery('UPDATE `producto` SET 
            `name`           = ?,  `description`    = ?, 
            `codigo`         = ?,  `foto`           = ?, 
            `stocks`         = ?,  `minimo`         = ?, 
            `precio_compra`  = ?,  `precio_venta`   = ?, 
            `fk_unidad`      = ?,  `fk_categoria`   = ?,
            `updated_at` = NOW() 
          WHERE `producto`.`idproducto` IN (?);')
 4 APPPATH\Models\ProductoModel.php(149): CodeIgniter\Database\BaseConnection->query('UPDATE `producto` SET 
            `name`           = ?,  `description`    = ?, 
            `codigo`         = ?,  `foto`           = ?, 
            `stocks`         = ?,  `minimo`         = ?, 
            `precio_compra`  = ?,  `precio_venta`   = ?, 
            `fk_unidad`      = ?,  `fk_categoria`   = ?,
            `updated_at` = NOW() 
          WHERE `producto`.`idproducto` IN (?);', '5')
 5 APPPATH\Controllers\Producto.php(104): App\Models\ProductoModel->actualizar('5', [...])
 6 SYSTEMPATH\CodeIgniter.php(934): App\Controllers\Producto->update()
 7 SYSTEMPATH\CodeIgniter.php(499): CodeIgniter\CodeIgniter->runController(Object(App\Controllers\Producto))
 8 SYSTEMPATH\CodeIgniter.php(368): CodeIgniter\CodeIgniter->handleRequest(null, Object(Config\Cache), false)
 9 FCPATH\index.php(67): CodeIgniter\CodeIgniter->run()
INFO - 2023-04-24 02:21:45 --> Session: Class initialized using 'CodeIgniter\Session\Handlers\FileHandler' driver.
INFO - 2023-04-24 02:22:20 --> Session: Class initialized using 'CodeIgniter\Session\Handlers\FileHandler' driver.
ERROR - 2023-04-24 02:22:20 --> mysqli_sql_exception: You have an error in your SQL syntax; check the manual that corresponds to your MariaDB server version for the right syntax to use near '?,  `description`    = ?, 
            `codigo`         = ?,  `foto`        ...' at line 2 in E:\xampp\htdocs\codeigniter\system\Database\MySQLi\Connection.php:295
Stack trace:
#0 E:\xampp\htdocs\codeigniter\system\Database\MySQLi\Connection.php(295): mysqli->query('UPDATE `product...', 0)
#1 E:\xampp\htdocs\codeigniter\system\Database\BaseConnection.php(691): CodeIgniter\Database\MySQLi\Connection->execute('UPDATE `product...')
#2 E:\xampp\htdocs\codeigniter\system\Database\BaseConnection.php(605): CodeIgniter\Database\BaseConnection->simpleQuery('UPDATE `product...')
#3 E:\xampp\htdocs\codeigniter\app\Models\ProductoModel.php(149): CodeIgniter\Database\BaseConnection->query('UPDATE `product...', '5')
#4 E:\xampp\htdocs\codeigniter\app\Controllers\Producto.php(104): App\Models\ProductoModel->actualizar('5', Array)
#5 E:\xampp\htdocs\codeigniter\system\CodeIgniter.php(934): App\Controllers\Producto->update()
#6 E:\xampp\htdocs\codeigniter\system\CodeIgniter.php(499): CodeIgniter\CodeIgniter->runController(Object(App\Controllers\Producto))
#7 E:\xampp\htdocs\codeigniter\system\CodeIgniter.php(368): CodeIgniter\CodeIgniter->handleRequest(NULL, Object(Config\Cache), false)
#8 E:\xampp\htdocs\codeigniter\index.php(67): CodeIgniter\CodeIgniter->run()
#9 {main}
CRITICAL - 2023-04-24 02:22:20 --> You have an error in your SQL syntax; check the manual that corresponds to your MariaDB server version for the right syntax to use near '?,  `description`    = ?, 
            `codigo`         = ?,  `foto`        ...' at line 2
in SYSTEMPATH\Database\MySQLi\Connection.php on line 295.
 1 SYSTEMPATH\Database\MySQLi\Connection.php(295): mysqli->query('UPDATE `producto` SET 
            `name`           = ?,  `description`    = ?, 
            `codigo`         = ?,  `foto`           = ?, 
            `stocks`         = ?,  `minimo`         = ?, 
            `precio_compra`  = ?,  `precio_venta`   = ?, 
            `fk_unidad`      = ?,  `fk_categoria`   = ?,
            `updated_at` = NOW() 
          WHERE `producto`.`idproducto` IN (?);', 0)
 2 SYSTEMPATH\Database\BaseConnection.php(691): CodeIgniter\Database\MySQLi\Connection->execute('UPDATE `producto` SET 
            `name`           = ?,  `description`    = ?, 
            `codigo`         = ?,  `foto`           = ?, 
            `stocks`         = ?,  `minimo`         = ?, 
            `precio_compra`  = ?,  `precio_venta`   = ?, 
            `fk_unidad`      = ?,  `fk_categoria`   = ?,
            `updated_at` = NOW() 
          WHERE `producto`.`idproducto` IN (?);')
 3 SYSTEMPATH\Database\BaseConnection.php(605): CodeIgniter\Database\BaseConnection->simpleQuery('UPDATE `producto` SET 
            `name`           = ?,  `description`    = ?, 
            `codigo`         = ?,  `foto`           = ?, 
            `stocks`         = ?,  `minimo`         = ?, 
            `precio_compra`  = ?,  `precio_venta`   = ?, 
            `fk_unidad`      = ?,  `fk_categoria`   = ?,
            `updated_at` = NOW() 
          WHERE `producto`.`idproducto` IN (?);')
 4 APPPATH\Models\ProductoModel.php(149): CodeIgniter\Database\BaseConnection->query('UPDATE `producto` SET 
            `name`           = ?,  `description`    = ?, 
            `codigo`         = ?,  `foto`           = ?, 
            `stocks`         = ?,  `minimo`         = ?, 
            `precio_compra`  = ?,  `precio_venta`   = ?, 
            `fk_unidad`      = ?,  `fk_categoria`   = ?,
            `updated_at` = NOW() 
          WHERE `producto`.`idproducto` IN (?);', '5')
 5 APPPATH\Controllers\Producto.php(104): App\Models\ProductoModel->actualizar('5', [...])
 6 SYSTEMPATH\CodeIgniter.php(934): App\Controllers\Producto->update()
 7 SYSTEMPATH\CodeIgniter.php(499): CodeIgniter\CodeIgniter->runController(Object(App\Controllers\Producto))
 8 SYSTEMPATH\CodeIgniter.php(368): CodeIgniter\CodeIgniter->handleRequest(null, Object(Config\Cache), false)
 9 FCPATH\index.php(67): CodeIgniter\CodeIgniter->run()
INFO - 2023-04-24 02:23:45 --> Session: Class initialized using 'CodeIgniter\Session\Handlers\FileHandler' driver.
ERROR - 2023-04-24 02:23:45 --> mysqli_sql_exception: You have an error in your SQL syntax; check the manual that corresponds to your MariaDB server version for the right syntax to use near '?,  `description`    = ?, 
            `codigo`         = ?,  `foto`        ...' at line 2 in E:\xampp\htdocs\codeigniter\system\Database\MySQLi\Connection.php:295
Stack trace:
#0 E:\xampp\htdocs\codeigniter\system\Database\MySQLi\Connection.php(295): mysqli->query('UPDATE `product...', 0)
#1 E:\xampp\htdocs\codeigniter\system\Database\BaseConnection.php(691): CodeIgniter\Database\MySQLi\Connection->execute('UPDATE `product...')
#2 E:\xampp\htdocs\codeigniter\system\Database\BaseConnection.php(605): CodeIgniter\Database\BaseConnection->simpleQuery('UPDATE `product...')
#3 E:\xampp\htdocs\codeigniter\app\Models\ProductoModel.php(149): CodeIgniter\Database\BaseConnection->query('UPDATE `product...', '5')
#4 E:\xampp\htdocs\codeigniter\app\Controllers\Producto.php(104): App\Models\ProductoModel->actualizar('5', Array)
#5 E:\xampp\htdocs\codeigniter\system\CodeIgniter.php(934): App\Controllers\Producto->update()
#6 E:\xampp\htdocs\codeigniter\system\CodeIgniter.php(499): CodeIgniter\CodeIgniter->runController(Object(App\Controllers\Producto))
#7 E:\xampp\htdocs\codeigniter\system\CodeIgniter.php(368): CodeIgniter\CodeIgniter->handleRequest(NULL, Object(Config\Cache), false)
#8 E:\xampp\htdocs\codeigniter\index.php(67): CodeIgniter\CodeIgniter->run()
#9 {main}
CRITICAL - 2023-04-24 02:23:45 --> You have an error in your SQL syntax; check the manual that corresponds to your MariaDB server version for the right syntax to use near '?,  `description`    = ?, 
            `codigo`         = ?,  `foto`        ...' at line 2
in SYSTEMPATH\Database\MySQLi\Connection.php on line 295.
 1 SYSTEMPATH\Database\MySQLi\Connection.php(295): mysqli->query('UPDATE `producto` SET 
            `name`           = ?,  `description`    = ?, 
            `codigo`         = ?,  `foto`           = ?, 
            `stocks`         = ?,  `minimo`         = ?, 
            `precio_compra`  = ?,  `precio_venta`   = ?, 
            `fk_unidad`      = ?,  `fk_categoria`   = ?,
            `updated_at` = NOW() 
          WHERE `producto`.`idproducto` IN (?);', 0)
 2 SYSTEMPATH\Database\BaseConnection.php(691): CodeIgniter\Database\MySQLi\Connection->execute('UPDATE `producto` SET 
            `name`           = ?,  `description`    = ?, 
            `codigo`         = ?,  `foto`           = ?, 
            `stocks`         = ?,  `minimo`         = ?, 
            `precio_compra`  = ?,  `precio_venta`   = ?, 
            `fk_unidad`      = ?,  `fk_categoria`   = ?,
            `updated_at` = NOW() 
          WHERE `producto`.`idproducto` IN (?);')
 3 SYSTEMPATH\Database\BaseConnection.php(605): CodeIgniter\Database\BaseConnection->simpleQuery('UPDATE `producto` SET 
            `name`           = ?,  `description`    = ?, 
            `codigo`         = ?,  `foto`           = ?, 
            `stocks`         = ?,  `minimo`         = ?, 
            `precio_compra`  = ?,  `precio_venta`   = ?, 
            `fk_unidad`      = ?,  `fk_categoria`   = ?,
            `updated_at` = NOW() 
          WHERE `producto`.`idproducto` IN (?);')
 4 APPPATH\Models\ProductoModel.php(149): CodeIgniter\Database\BaseConnection->query('UPDATE `producto` SET 
            `name`           = ?,  `description`    = ?, 
            `codigo`         = ?,  `foto`           = ?, 
            `stocks`         = ?,  `minimo`         = ?, 
            `precio_compra`  = ?,  `precio_venta`   = ?, 
            `fk_unidad`      = ?,  `fk_categoria`   = ?,
            `updated_at` = NOW() 
          WHERE `producto`.`idproducto` IN (?);', '5')
 5 APPPATH\Controllers\Producto.php(104): App\Models\ProductoModel->actualizar('5', [...])
 6 SYSTEMPATH\CodeIgniter.php(934): App\Controllers\Producto->update()
 7 SYSTEMPATH\CodeIgniter.php(499): CodeIgniter\CodeIgniter->runController(Object(App\Controllers\Producto))
 8 SYSTEMPATH\CodeIgniter.php(368): CodeIgniter\CodeIgniter->handleRequest(null, Object(Config\Cache), false)
 9 FCPATH\index.php(67): CodeIgniter\CodeIgniter->run()
INFO - 2023-04-24 02:24:43 --> Session: Class initialized using 'CodeIgniter\Session\Handlers\FileHandler' driver.
ERROR - 2023-04-24 02:24:43 --> mysqli_sql_exception: You have an error in your SQL syntax; check the manual that corresponds to your MariaDB server version for the right syntax to use near ''5'' at line 8 in E:\xampp\htdocs\codeigniter\system\Database\MySQLi\Connection.php:295
Stack trace:
#0 E:\xampp\htdocs\codeigniter\system\Database\MySQLi\Connection.php(295): mysqli->query('UPDATE `product...', 0)
#1 E:\xampp\htdocs\codeigniter\system\Database\BaseConnection.php(691): CodeIgniter\Database\MySQLi\Connection->execute('UPDATE `product...')
#2 E:\xampp\htdocs\codeigniter\system\Database\BaseConnection.php(605): CodeIgniter\Database\BaseConnection->simpleQuery('UPDATE `product...')
#3 E:\xampp\htdocs\codeigniter\app\Models\ProductoModel.php(143): CodeIgniter\Database\BaseConnection->query('UPDATE `product...', Array)
#4 E:\xampp\htdocs\codeigniter\app\Controllers\Producto.php(104): App\Models\ProductoModel->actualizar('5', Array)
#5 E:\xampp\htdocs\codeigniter\system\CodeIgniter.php(934): App\Controllers\Producto->update()
#6 E:\xampp\htdocs\codeigniter\system\CodeIgniter.php(499): CodeIgniter\CodeIgniter->runController(Object(App\Controllers\Producto))
#7 E:\xampp\htdocs\codeigniter\system\CodeIgniter.php(368): CodeIgniter\CodeIgniter->handleRequest(NULL, Object(Config\Cache), false)
#8 E:\xampp\htdocs\codeigniter\index.php(67): CodeIgniter\CodeIgniter->run()
#9 {main}
CRITICAL - 2023-04-24 02:24:43 --> You have an error in your SQL syntax; check the manual that corresponds to your MariaDB server version for the right syntax to use near ''5'' at line 8
in SYSTEMPATH\Database\MySQLi\Connection.php on line 295.
 1 SYSTEMPATH\Database\MySQLi\Connection.php(295): mysqli->query('UPDATE `producto` SET 
            `name`           = \'Desinfectante En Aerosol Lysoform Lavanda x285ml\',  `description`    = \'                                                                        kgk                                                                  \', 
            `codigo`         = \'7790520990655\',  `foto`           = \'https://www.diligent.es/wp-content/uploads/2017/05/como-hacer-buenas-fotografias-con-el-movil-.jpg\', 
            `stocks`         = \'10\',  `minimo`         = \'2\', 
            `precio_compra`  = \'20.00\',  `precio_venta`   = \'26.00\', 
            `fk_unidad`      = \'1\',  `fk_categoria`   = \'5\',
            `updated_at` = NOW() 
          WHERE `producto`.`idproducto` IN \'5\';', 0)
 2 SYSTEMPATH\Database\BaseConnection.php(691): CodeIgniter\Database\MySQLi\Connection->execute('UPDATE `producto` SET 
            `name`           = \'Desinfectante En Aerosol Lysoform Lavanda x285ml\',  `description`    = \'                                                                        kgk                                                                  \', 
            `codigo`         = \'7790520990655\',  `foto`           = \'https://www.diligent.es/wp-content/uploads/2017/05/como-hacer-buenas-fotografias-con-el-movil-.jpg\', 
            `stocks`         = \'10\',  `minimo`         = \'2\', 
            `precio_compra`  = \'20.00\',  `precio_venta`   = \'26.00\', 
            `fk_unidad`      = \'1\',  `fk_categoria`   = \'5\',
            `updated_at` = NOW() 
          WHERE `producto`.`idproducto` IN \'5\';')
 3 SYSTEMPATH\Database\BaseConnection.php(605): CodeIgniter\Database\BaseConnection->simpleQuery('UPDATE `producto` SET 
            `name`           = \'Desinfectante En Aerosol Lysoform Lavanda x285ml\',  `description`    = \'                                                                        kgk                                                                  \', 
            `codigo`         = \'7790520990655\',  `foto`           = \'https://www.diligent.es/wp-content/uploads/2017/05/como-hacer-buenas-fotografias-con-el-movil-.jpg\', 
            `stocks`         = \'10\',  `minimo`         = \'2\', 
            `precio_compra`  = \'20.00\',  `precio_venta`   = \'26.00\', 
            `fk_unidad`      = \'1\',  `fk_categoria`   = \'5\',
            `updated_at` = NOW() 
          WHERE `producto`.`idproducto` IN \'5\';')
 4 APPPATH\Models\ProductoModel.php(143): CodeIgniter\Database\BaseConnection->query('UPDATE `producto` SET 
            `name`           = ?,  `description`    = ?, 
            `codigo`         = ?,  `foto`           = ?, 
            `stocks`         = ?,  `minimo`         = ?, 
            `precio_compra`  = ?,  `precio_venta`   = ?, 
            `fk_unidad`      = ?,  `fk_categoria`   = ?,
            `updated_at` = NOW() 
          WHERE `producto`.`idproducto` IN ?;', [...])
 5 APPPATH\Controllers\Producto.php(104): App\Models\ProductoModel->actualizar('5', [...])
 6 SYSTEMPATH\CodeIgniter.php(934): App\Controllers\Producto->update()
 7 SYSTEMPATH\CodeIgniter.php(499): CodeIgniter\CodeIgniter->runController(Object(App\Controllers\Producto))
 8 SYSTEMPATH\CodeIgniter.php(368): CodeIgniter\CodeIgniter->handleRequest(null, Object(Config\Cache), false)
 9 FCPATH\index.php(67): CodeIgniter\CodeIgniter->run()
INFO - 2023-04-24 02:25:23 --> Session: Class initialized using 'CodeIgniter\Session\Handlers\FileHandler' driver.
ERROR - 2023-04-24 02:25:23 --> mysqli_sql_exception: You have an error in your SQL syntax; check the manual that corresponds to your MariaDB server version for the right syntax to use near ''5'' at line 8 in E:\xampp\htdocs\codeigniter\system\Database\MySQLi\Connection.php:295
Stack trace:
#0 E:\xampp\htdocs\codeigniter\system\Database\MySQLi\Connection.php(295): mysqli->query('UPDATE `product...', 0)
#1 E:\xampp\htdocs\codeigniter\system\Database\BaseConnection.php(691): CodeIgniter\Database\MySQLi\Connection->execute('UPDATE `product...')
#2 E:\xampp\htdocs\codeigniter\system\Database\BaseConnection.php(605): CodeIgniter\Database\BaseConnection->simpleQuery('UPDATE `product...')
#3 E:\xampp\htdocs\codeigniter\app\Models\ProductoModel.php(143): CodeIgniter\Database\BaseConnection->query('UPDATE `product...', Array)
#4 E:\xampp\htdocs\codeigniter\app\Controllers\Producto.php(104): App\Models\ProductoModel->actualizar('5', Array)
#5 E:\xampp\htdocs\codeigniter\system\CodeIgniter.php(934): App\Controllers\Producto->update()
#6 E:\xampp\htdocs\codeigniter\system\CodeIgniter.php(499): CodeIgniter\CodeIgniter->runController(Object(App\Controllers\Producto))
#7 E:\xampp\htdocs\codeigniter\system\CodeIgniter.php(368): CodeIgniter\CodeIgniter->handleRequest(NULL, Object(Config\Cache), false)
#8 E:\xampp\htdocs\codeigniter\index.php(67): CodeIgniter\CodeIgniter->run()
#9 {main}
CRITICAL - 2023-04-24 02:25:23 --> You have an error in your SQL syntax; check the manual that corresponds to your MariaDB server version for the right syntax to use near ''5'' at line 8
in SYSTEMPATH\Database\MySQLi\Connection.php on line 295.
 1 SYSTEMPATH\Database\MySQLi\Connection.php(295): mysqli->query('UPDATE `producto` SET 
            `name`           = \'Desinfectante En Aerosol Lysoform Lavanda x285ml\',  `description`    = \'                                                                        kgk                                                                  \', 
            `codigo`         = \'7790520990655\',  `foto`           = \'https://www.diligent.es/wp-content/uploads/2017/05/como-hacer-buenas-fotografias-con-el-movil-.jpg\', 
            `stocks`         = \'10\',  `minimo`         = \'2\', 
            `precio_compra`  = \'20.00\',  `precio_venta`   = \'26.00\', 
            `fk_unidad`      = \'1\',  `fk_categoria`   = \'5\',
            `updated_at` = NOW() 
          WHERE `producto`.`idproducto` IN \'5\';', 0)
 2 SYSTEMPATH\Database\BaseConnection.php(691): CodeIgniter\Database\MySQLi\Connection->execute('UPDATE `producto` SET 
            `name`           = \'Desinfectante En Aerosol Lysoform Lavanda x285ml\',  `description`    = \'                                                                        kgk                                                                  \', 
            `codigo`         = \'7790520990655\',  `foto`           = \'https://www.diligent.es/wp-content/uploads/2017/05/como-hacer-buenas-fotografias-con-el-movil-.jpg\', 
            `stocks`         = \'10\',  `minimo`         = \'2\', 
            `precio_compra`  = \'20.00\',  `precio_venta`   = \'26.00\', 
            `fk_unidad`      = \'1\',  `fk_categoria`   = \'5\',
            `updated_at` = NOW() 
          WHERE `producto`.`idproducto` IN \'5\';')
 3 SYSTEMPATH\Database\BaseConnection.php(605): CodeIgniter\Database\BaseConnection->simpleQuery('UPDATE `producto` SET 
            `name`           = \'Desinfectante En Aerosol Lysoform Lavanda x285ml\',  `description`    = \'                                                                        kgk                                                                  \', 
            `codigo`         = \'7790520990655\',  `foto`           = \'https://www.diligent.es/wp-content/uploads/2017/05/como-hacer-buenas-fotografias-con-el-movil-.jpg\', 
            `stocks`         = \'10\',  `minimo`         = \'2\', 
            `precio_compra`  = \'20.00\',  `precio_venta`   = \'26.00\', 
            `fk_unidad`      = \'1\',  `fk_categoria`   = \'5\',
            `updated_at` = NOW() 
          WHERE `producto`.`idproducto` IN \'5\';')
 4 APPPATH\Models\ProductoModel.php(143): CodeIgniter\Database\BaseConnection->query('UPDATE `producto` SET 
            `name`           = ?,  `description`    = ?, 
            `codigo`         = ?,  `foto`           = ?, 
            `stocks`         = ?,  `minimo`         = ?, 
            `precio_compra`  = ?,  `precio_venta`   = ?, 
            `fk_unidad`      = ?,  `fk_categoria`   = ?,
            `updated_at` = NOW() 
          WHERE `producto`.`idproducto` IN ?;', [...])
 5 APPPATH\Controllers\Producto.php(104): App\Models\ProductoModel->actualizar('5', [...])
 6 SYSTEMPATH\CodeIgniter.php(934): App\Controllers\Producto->update()
 7 SYSTEMPATH\CodeIgniter.php(499): CodeIgniter\CodeIgniter->runController(Object(App\Controllers\Producto))
 8 SYSTEMPATH\CodeIgniter.php(368): CodeIgniter\CodeIgniter->handleRequest(null, Object(Config\Cache), false)
 9 FCPATH\index.php(67): CodeIgniter\CodeIgniter->run()
INFO - 2023-04-24 02:25:31 --> Session: Class initialized using 'CodeIgniter\Session\Handlers\FileHandler' driver.
ERROR - 2023-04-24 02:25:31 --> mysqli_sql_exception: You have an error in your SQL syntax; check the manual that corresponds to your MariaDB server version for the right syntax to use near ''5'' at line 8 in E:\xampp\htdocs\codeigniter\system\Database\MySQLi\Connection.php:295
Stack trace:
#0 E:\xampp\htdocs\codeigniter\system\Database\MySQLi\Connection.php(295): mysqli->query('UPDATE `product...', 0)
#1 E:\xampp\htdocs\codeigniter\system\Database\BaseConnection.php(691): CodeIgniter\Database\MySQLi\Connection->execute('UPDATE `product...')
#2 E:\xampp\htdocs\codeigniter\system\Database\BaseConnection.php(605): CodeIgniter\Database\BaseConnection->simpleQuery('UPDATE `product...')
#3 E:\xampp\htdocs\codeigniter\app\Models\ProductoModel.php(143): CodeIgniter\Database\BaseConnection->query('UPDATE `product...', Array)
#4 E:\xampp\htdocs\codeigniter\app\Controllers\Producto.php(104): App\Models\ProductoModel->actualizar('5', Array)
#5 E:\xampp\htdocs\codeigniter\system\CodeIgniter.php(934): App\Controllers\Producto->update()
#6 E:\xampp\htdocs\codeigniter\system\CodeIgniter.php(499): CodeIgniter\CodeIgniter->runController(Object(App\Controllers\Producto))
#7 E:\xampp\htdocs\codeigniter\system\CodeIgniter.php(368): CodeIgniter\CodeIgniter->handleRequest(NULL, Object(Config\Cache), false)
#8 E:\xampp\htdocs\codeigniter\index.php(67): CodeIgniter\CodeIgniter->run()
#9 {main}
CRITICAL - 2023-04-24 02:25:31 --> You have an error in your SQL syntax; check the manual that corresponds to your MariaDB server version for the right syntax to use near ''5'' at line 8
in SYSTEMPATH\Database\MySQLi\Connection.php on line 295.
 1 SYSTEMPATH\Database\MySQLi\Connection.php(295): mysqli->query('UPDATE `producto` SET 
            `name`           = \'Desinfectante En Aerosol Lysoform Lavanda x285ml\',  `description`    = \'                                                                        kgk                                                                  \', 
            `codigo`         = \'7790520990655\',  `foto`           = \'https://www.diligent.es/wp-content/uploads/2017/05/como-hacer-buenas-fotografias-con-el-movil-.jpg\', 
            `stocks`         = \'10\',  `minimo`         = \'2\', 
            `precio_compra`  = \'20.00\',  `precio_venta`   = \'26.00\', 
            `fk_unidad`      = \'1\',  `fk_categoria`   = \'5\',
            `updated_at` = NOW() 
          WHERE `producto`.`idproducto` IN \'5\';', 0)
 2 SYSTEMPATH\Database\BaseConnection.php(691): CodeIgniter\Database\MySQLi\Connection->execute('UPDATE `producto` SET 
            `name`           = \'Desinfectante En Aerosol Lysoform Lavanda x285ml\',  `description`    = \'                                                                        kgk                                                                  \', 
            `codigo`         = \'7790520990655\',  `foto`           = \'https://www.diligent.es/wp-content/uploads/2017/05/como-hacer-buenas-fotografias-con-el-movil-.jpg\', 
            `stocks`         = \'10\',  `minimo`         = \'2\', 
            `precio_compra`  = \'20.00\',  `precio_venta`   = \'26.00\', 
            `fk_unidad`      = \'1\',  `fk_categoria`   = \'5\',
            `updated_at` = NOW() 
          WHERE `producto`.`idproducto` IN \'5\';')
 3 SYSTEMPATH\Database\BaseConnection.php(605): CodeIgniter\Database\BaseConnection->simpleQuery('UPDATE `producto` SET 
            `name`           = \'Desinfectante En Aerosol Lysoform Lavanda x285ml\',  `description`    = \'                                                                        kgk                                                                  \', 
            `codigo`         = \'7790520990655\',  `foto`           = \'https://www.diligent.es/wp-content/uploads/2017/05/como-hacer-buenas-fotografias-con-el-movil-.jpg\', 
            `stocks`         = \'10\',  `minimo`         = \'2\', 
            `precio_compra`  = \'20.00\',  `precio_venta`   = \'26.00\', 
            `fk_unidad`      = \'1\',  `fk_categoria`   = \'5\',
            `updated_at` = NOW() 
          WHERE `producto`.`idproducto` IN \'5\';')
 4 APPPATH\Models\ProductoModel.php(143): CodeIgniter\Database\BaseConnection->query('UPDATE `producto` SET 
            `name`           = ?,  `description`    = ?, 
            `codigo`         = ?,  `foto`           = ?, 
            `stocks`         = ?,  `minimo`         = ?, 
            `precio_compra`  = ?,  `precio_venta`   = ?, 
            `fk_unidad`      = ?,  `fk_categoria`   = ?,
            `updated_at` = NOW() 
          WHERE `producto`.`idproducto` IN ?;', [...])
 5 APPPATH\Controllers\Producto.php(104): App\Models\ProductoModel->actualizar('5', [...])
 6 SYSTEMPATH\CodeIgniter.php(934): App\Controllers\Producto->update()
 7 SYSTEMPATH\CodeIgniter.php(499): CodeIgniter\CodeIgniter->runController(Object(App\Controllers\Producto))
 8 SYSTEMPATH\CodeIgniter.php(368): CodeIgniter\CodeIgniter->handleRequest(null, Object(Config\Cache), false)
 9 FCPATH\index.php(67): CodeIgniter\CodeIgniter->run()
INFO - 2023-04-24 02:25:51 --> Session: Class initialized using 'CodeIgniter\Session\Handlers\FileHandler' driver.
CRITICAL - 2023-04-24 02:25:51 --> Undefined variable $sql
in APPPATH\Models\ProductoModel.php on line 149.
 1 APPPATH\Models\ProductoModel.php(149): CodeIgniter\Debug\Exceptions->errorHandler(2, 'Undefined variable $sql', 'E:\\xampp\\htdocs\\codeigniter\\app\\Models\\ProductoModel.php', 149)
 2 APPPATH\Controllers\Producto.php(104): App\Models\ProductoModel->actualizar('5', [...])
 3 SYSTEMPATH\CodeIgniter.php(934): App\Controllers\Producto->update()
 4 SYSTEMPATH\CodeIgniter.php(499): CodeIgniter\CodeIgniter->runController(Object(App\Controllers\Producto))
 5 SYSTEMPATH\CodeIgniter.php(368): CodeIgniter\CodeIgniter->handleRequest(null, Object(Config\Cache), false)
 6 FCPATH\index.php(67): CodeIgniter\CodeIgniter->run()
INFO - 2023-04-24 02:27:15 --> Session: Class initialized using 'CodeIgniter\Session\Handlers\FileHandler' driver.
ERROR - 2023-04-24 02:27:15 --> mysqli_sql_exception: You have an error in your SQL syntax; check the manual that corresponds to your MariaDB server version for the right syntax to use near ''5'' at line 8 in E:\xampp\htdocs\codeigniter\system\Database\MySQLi\Connection.php:295
Stack trace:
#0 E:\xampp\htdocs\codeigniter\system\Database\MySQLi\Connection.php(295): mysqli->query('UPDATE `product...', 0)
#1 E:\xampp\htdocs\codeigniter\system\Database\BaseConnection.php(691): CodeIgniter\Database\MySQLi\Connection->execute('UPDATE `product...')
#2 E:\xampp\htdocs\codeigniter\system\Database\BaseConnection.php(605): CodeIgniter\Database\BaseConnection->simpleQuery('UPDATE `product...')
#3 E:\xampp\htdocs\codeigniter\app\Models\ProductoModel.php(143): CodeIgniter\Database\BaseConnection->query('UPDATE `product...', Array)
#4 E:\xampp\htdocs\codeigniter\app\Controllers\Producto.php(104): App\Models\ProductoModel->actualizar('5', Array)
#5 E:\xampp\htdocs\codeigniter\system\CodeIgniter.php(934): App\Controllers\Producto->update()
#6 E:\xampp\htdocs\codeigniter\system\CodeIgniter.php(499): CodeIgniter\CodeIgniter->runController(Object(App\Controllers\Producto))
#7 E:\xampp\htdocs\codeigniter\system\CodeIgniter.php(368): CodeIgniter\CodeIgniter->handleRequest(NULL, Object(Config\Cache), false)
#8 E:\xampp\htdocs\codeigniter\index.php(67): CodeIgniter\CodeIgniter->run()
#9 {main}
CRITICAL - 2023-04-24 02:27:15 --> You have an error in your SQL syntax; check the manual that corresponds to your MariaDB server version for the right syntax to use near ''5'' at line 8
in SYSTEMPATH\Database\MySQLi\Connection.php on line 295.
 1 SYSTEMPATH\Database\MySQLi\Connection.php(295): mysqli->query('UPDATE `producto` SET 
            `name`           = \'Desinfectante En Aerosol Lysoform Lavanda x285ml\',  `description`    = \'                                                                        kgk                                                                  \', 
            `codigo`         = \'7790520990655\',  `foto`           = \'https://www.diligent.es/wp-content/uploads/2017/05/como-hacer-buenas-fotografias-con-el-movil-.jpg\', 
            `stocks`         = \'10\',  `minimo`         = \'2\', 
            `precio_compra`  = \'20.00\',  `precio_venta`   = \'26.00\', 
            `fk_unidad`      = \'1\',  `fk_categoria`   = \'5\',
            `updated_at` = NOW() 
          WHERE `producto`.`idproducto` IN \'5\';', 0)
 2 SYSTEMPATH\Database\BaseConnection.php(691): CodeIgniter\Database\MySQLi\Connection->execute('UPDATE `producto` SET 
            `name`           = \'Desinfectante En Aerosol Lysoform Lavanda x285ml\',  `description`    = \'                                                                        kgk                                                                  \', 
            `codigo`         = \'7790520990655\',  `foto`           = \'https://www.diligent.es/wp-content/uploads/2017/05/como-hacer-buenas-fotografias-con-el-movil-.jpg\', 
            `stocks`         = \'10\',  `minimo`         = \'2\', 
            `precio_compra`  = \'20.00\',  `precio_venta`   = \'26.00\', 
            `fk_unidad`      = \'1\',  `fk_categoria`   = \'5\',
            `updated_at` = NOW() 
          WHERE `producto`.`idproducto` IN \'5\';')
 3 SYSTEMPATH\Database\BaseConnection.php(605): CodeIgniter\Database\BaseConnection->simpleQuery('UPDATE `producto` SET 
            `name`           = \'Desinfectante En Aerosol Lysoform Lavanda x285ml\',  `description`    = \'                                                                        kgk                                                                  \', 
            `codigo`         = \'7790520990655\',  `foto`           = \'https://www.diligent.es/wp-content/uploads/2017/05/como-hacer-buenas-fotografias-con-el-movil-.jpg\', 
            `stocks`         = \'10\',  `minimo`         = \'2\', 
            `precio_compra`  = \'20.00\',  `precio_venta`   = \'26.00\', 
            `fk_unidad`      = \'1\',  `fk_categoria`   = \'5\',
            `updated_at` = NOW() 
          WHERE `producto`.`idproducto` IN \'5\';')
 4 APPPATH\Models\ProductoModel.php(143): CodeIgniter\Database\BaseConnection->query('UPDATE `producto` SET 
            `name`           = ?,  `description`    = ?, 
            `codigo`         = ?,  `foto`           = ?, 
            `stocks`         = ?,  `minimo`         = ?, 
            `precio_compra`  = ?,  `precio_venta`   = ?, 
            `fk_unidad`      = ?,  `fk_categoria`   = ?,
            `updated_at` = NOW() 
          WHERE `producto`.`idproducto` IN ?;', [...])
 5 APPPATH\Controllers\Producto.php(104): App\Models\ProductoModel->actualizar('5', [...])
 6 SYSTEMPATH\CodeIgniter.php(934): App\Controllers\Producto->update()
 7 SYSTEMPATH\CodeIgniter.php(499): CodeIgniter\CodeIgniter->runController(Object(App\Controllers\Producto))
 8 SYSTEMPATH\CodeIgniter.php(368): CodeIgniter\CodeIgniter->handleRequest(null, Object(Config\Cache), false)
 9 FCPATH\index.php(67): CodeIgniter\CodeIgniter->run()
INFO - 2023-04-24 02:28:08 --> Session: Class initialized using 'CodeIgniter\Session\Handlers\FileHandler' driver.
INFO - 2023-04-24 02:28:12 --> Session: Class initialized using 'CodeIgniter\Session\Handlers\FileHandler' driver.
INFO - 2023-04-24 02:28:14 --> Session: Class initialized using 'CodeIgniter\Session\Handlers\FileHandler' driver.
INFO - 2023-04-24 02:28:16 --> Session: Class initialized using 'CodeIgniter\Session\Handlers\FileHandler' driver.
INFO - 2023-04-24 02:28:16 --> Session: Class initialized using 'CodeIgniter\Session\Handlers\FileHandler' driver.
INFO - 2023-04-24 02:28:18 --> Session: Class initialized using 'CodeIgniter\Session\Handlers\FileHandler' driver.
INFO - 2023-04-24 02:28:19 --> Session: Class initialized using 'CodeIgniter\Session\Handlers\FileHandler' driver.
INFO - 2023-04-24 02:28:19 --> Session: Class initialized using 'CodeIgniter\Session\Handlers\FileHandler' driver.
INFO - 2023-04-24 19:14:59 --> Session: Class initialized using 'CodeIgniter\Session\Handlers\FileHandler' driver.
INFO - 2023-04-24 19:15:04 --> Session: Class initialized using 'CodeIgniter\Session\Handlers\FileHandler' driver.
CRITICAL - 2023-04-24 19:15:04 --> Class "App\Models\InventarioModel" not found
in APPPATH\Controllers\Inventario.php on line 17.
 1 SYSTEMPATH\CodeIgniter.php(934): App\Controllers\Inventario->index()
 2 SYSTEMPATH\CodeIgniter.php(499): CodeIgniter\CodeIgniter->runController(Object(App\Controllers\Inventario))
 3 SYSTEMPATH\CodeIgniter.php(368): CodeIgniter\CodeIgniter->handleRequest(null, Object(Config\Cache), false)
 4 FCPATH\index.php(67): CodeIgniter\CodeIgniter->run()
INFO - 2023-04-24 19:15:09 --> Session: Class initialized using 'CodeIgniter\Session\Handlers\FileHandler' driver.
INFO - 2023-04-24 19:15:12 --> Session: Class initialized using 'CodeIgniter\Session\Handlers\FileHandler' driver.
INFO - 2023-04-24 19:22:13 --> Session: Class initialized using 'CodeIgniter\Session\Handlers\FileHandler' driver.
INFO - 2023-04-24 19:22:24 --> Session: Class initialized using 'CodeIgniter\Session\Handlers\FileHandler' driver.
ERROR - 2023-04-24 19:22:24 --> mysqli_sql_exception: You have an error in your SQL syntax; check the manual that corresponds to your MariaDB server version for the right syntax to use near ''1'' at line 8 in E:\xampp\htdocs\codeigniter\system\Database\MySQLi\Connection.php:295
Stack trace:
#0 E:\xampp\htdocs\codeigniter\system\Database\MySQLi\Connection.php(295): mysqli->query('UPDATE `product...', 0)
#1 E:\xampp\htdocs\codeigniter\system\Database\BaseConnection.php(691): CodeIgniter\Database\MySQLi\Connection->execute('UPDATE `product...')
#2 E:\xampp\htdocs\codeigniter\system\Database\BaseConnection.php(605): CodeIgniter\Database\BaseConnection->simpleQuery('UPDATE `product...')
#3 E:\xampp\htdocs\codeigniter\app\Models\ProductoModel.php(143): CodeIgniter\Database\BaseConnection->query('UPDATE `product...', Array)
#4 E:\xampp\htdocs\codeigniter\app\Controllers\Producto.php(104): App\Models\ProductoModel->actualizar('1', Array)
#5 E:\xampp\htdocs\codeigniter\system\CodeIgniter.php(934): App\Controllers\Producto->update()
#6 E:\xampp\htdocs\codeigniter\system\CodeIgniter.php(499): CodeIgniter\CodeIgniter->runController(Object(App\Controllers\Producto))
#7 E:\xampp\htdocs\codeigniter\system\CodeIgniter.php(368): CodeIgniter\CodeIgniter->handleRequest(NULL, Object(Config\Cache), false)
#8 E:\xampp\htdocs\codeigniter\index.php(67): CodeIgniter\CodeIgniter->run()
#9 {main}
CRITICAL - 2023-04-24 19:22:24 --> You have an error in your SQL syntax; check the manual that corresponds to your MariaDB server version for the right syntax to use near ''1'' at line 8
in SYSTEMPATH\Database\MySQLi\Connection.php on line 295.
 1 SYSTEMPATH\Database\MySQLi\Connection.php(295): mysqli->query('UPDATE `producto` SET 
            `name`           = \'Precio Gel Xtreme Ice wet line 250 g\',  `description`    = \'pato\', 
            `codigo`         = \'7503002163115\',  `foto`           = \'https://www.diligent.es/wp-content/uploads/2017/05/como-hacer-buenas-fotografias-con-el-movil-.jpg\', 
            `stocks`         = \'20\',  `minimo`         = \'5\', 
            `precio_compra`  = \'10.00\',  `precio_venta`   = \'15.00\', 
            `fk_unidad`      = \'6\',  `fk_categoria`   = \'1\',
            `updated_at` = NOW() 
          WHERE `producto`.`idproducto` IN \'1\';', 0)
 2 SYSTEMPATH\Database\BaseConnection.php(691): CodeIgniter\Database\MySQLi\Connection->execute('UPDATE `producto` SET 
            `name`           = \'Precio Gel Xtreme Ice wet line 250 g\',  `description`    = \'pato\', 
            `codigo`         = \'7503002163115\',  `foto`           = \'https://www.diligent.es/wp-content/uploads/2017/05/como-hacer-buenas-fotografias-con-el-movil-.jpg\', 
            `stocks`         = \'20\',  `minimo`         = \'5\', 
            `precio_compra`  = \'10.00\',  `precio_venta`   = \'15.00\', 
            `fk_unidad`      = \'6\',  `fk_categoria`   = \'1\',
            `updated_at` = NOW() 
          WHERE `producto`.`idproducto` IN \'1\';')
 3 SYSTEMPATH\Database\BaseConnection.php(605): CodeIgniter\Database\BaseConnection->simpleQuery('UPDATE `producto` SET 
            `name`           = \'Precio Gel Xtreme Ice wet line 250 g\',  `description`    = \'pato\', 
            `codigo`         = \'7503002163115\',  `foto`           = \'https://www.diligent.es/wp-content/uploads/2017/05/como-hacer-buenas-fotografias-con-el-movil-.jpg\', 
            `stocks`         = \'20\',  `minimo`         = \'5\', 
            `precio_compra`  = \'10.00\',  `precio_venta`   = \'15.00\', 
            `fk_unidad`      = \'6\',  `fk_categoria`   = \'1\',
            `updated_at` = NOW() 
          WHERE `producto`.`idproducto` IN \'1\';')
 4 APPPATH\Models\ProductoModel.php(143): CodeIgniter\Database\BaseConnection->query('UPDATE `producto` SET 
            `name`           = ?,  `description`    = ?, 
            `codigo`         = ?,  `foto`           = ?, 
            `stocks`         = ?,  `minimo`         = ?, 
            `precio_compra`  = ?,  `precio_venta`   = ?, 
            `fk_unidad`      = ?,  `fk_categoria`   = ?,
            `updated_at` = NOW() 
          WHERE `producto`.`idproducto` IN ?;', [...])
 5 APPPATH\Controllers\Producto.php(104): App\Models\ProductoModel->actualizar('1', [...])
 6 SYSTEMPATH\CodeIgniter.php(934): App\Controllers\Producto->update()
 7 SYSTEMPATH\CodeIgniter.php(499): CodeIgniter\CodeIgniter->runController(Object(App\Controllers\Producto))
 8 SYSTEMPATH\CodeIgniter.php(368): CodeIgniter\CodeIgniter->handleRequest(null, Object(Config\Cache), false)
 9 FCPATH\index.php(67): CodeIgniter\CodeIgniter->run()
