INFO - 2023-06-16 00:45:54 --> Session: Class initialized using 'CodeIgniter\Session\Handlers\FileHandler' driver.
INFO - 2023-06-16 00:45:56 --> Session: Class initialized using 'CodeIgniter\Session\Handlers\FileHandler' driver.
INFO - 2023-06-16 00:46:11 --> Session: Class initialized using 'CodeIgniter\Session\Handlers\FileHandler' driver.
INFO - 2023-06-16 00:46:18 --> Session: Class initialized using 'CodeIgniter\Session\Handlers\FileHandler' driver.
INFO - 2023-06-16 00:47:36 --> Session: Class initialized using 'CodeIgniter\Session\Handlers\FileHandler' driver.
INFO - 2023-06-16 00:47:38 --> Session: Class initialized using 'CodeIgniter\Session\Handlers\FileHandler' driver.
INFO - 2023-06-16 00:47:39 --> Session: Class initialized using 'CodeIgniter\Session\Handlers\FileHandler' driver.
INFO - 2023-06-16 00:47:43 --> Session: Class initialized using 'CodeIgniter\Session\Handlers\FileHandler' driver.
INFO - 2023-06-16 00:47:46 --> Session: Class initialized using 'CodeIgniter\Session\Handlers\FileHandler' driver.
INFO - 2023-06-16 00:53:51 --> Session: Class initialized using 'CodeIgniter\Session\Handlers\FileHandler' driver.
INFO - 2023-06-16 00:53:52 --> Session: Class initialized using 'CodeIgniter\Session\Handlers\FileHandler' driver.
INFO - 2023-06-16 00:54:06 --> Session: Class initialized using 'CodeIgniter\Session\Handlers\FileHandler' driver.
INFO - 2023-06-16 00:54:07 --> Session: Class initialized using 'CodeIgniter\Session\Handlers\FileHandler' driver.
INFO - 2023-06-16 00:54:08 --> Session: Class initialized using 'CodeIgniter\Session\Handlers\FileHandler' driver.
INFO - 2023-06-16 00:54:25 --> Session: Class initialized using 'CodeIgniter\Session\Handlers\FileHandler' driver.
INFO - 2023-06-16 00:54:25 --> Session: Class initialized using 'CodeIgniter\Session\Handlers\FileHandler' driver.
INFO - 2023-06-16 00:54:26 --> Session: Class initialized using 'CodeIgniter\Session\Handlers\FileHandler' driver.
INFO - 2023-06-16 00:55:02 --> Session: Class initialized using 'CodeIgniter\Session\Handlers\FileHandler' driver.
INFO - 2023-06-16 00:55:04 --> Session: Class initialized using 'CodeIgniter\Session\Handlers\FileHandler' driver.
INFO - 2023-06-16 00:55:06 --> Session: Class initialized using 'CodeIgniter\Session\Handlers\FileHandler' driver.
INFO - 2023-06-16 00:55:08 --> Session: Class initialized using 'CodeIgniter\Session\Handlers\FileHandler' driver.
INFO - 2023-06-16 00:55:18 --> Session: Class initialized using 'CodeIgniter\Session\Handlers\FileHandler' driver.
INFO - 2023-06-16 00:56:06 --> Session: Class initialized using 'CodeIgniter\Session\Handlers\FileHandler' driver.
INFO - 2023-06-16 00:56:25 --> Session: Class initialized using 'CodeIgniter\Session\Handlers\FileHandler' driver.
INFO - 2023-06-16 00:59:16 --> Session: Class initialized using 'CodeIgniter\Session\Handlers\FileHandler' driver.
INFO - 2023-06-16 00:59:29 --> Session: Class initialized using 'CodeIgniter\Session\Handlers\FileHandler' driver.
INFO - 2023-06-16 00:59:30 --> Session: Class initialized using 'CodeIgniter\Session\Handlers\FileHandler' driver.
INFO - 2023-06-16 00:59:56 --> Session: Class initialized using 'CodeIgniter\Session\Handlers\FileHandler' driver.
INFO - 2023-06-16 08:22:53 --> Session: Class initialized using 'CodeIgniter\Session\Handlers\FileHandler' driver.
INFO - 2023-06-16 08:22:59 --> Session: Class initialized using 'CodeIgniter\Session\Handlers\FileHandler' driver.
INFO - 2023-06-16 08:23:00 --> Session: Class initialized using 'CodeIgniter\Session\Handlers\FileHandler' driver.
INFO - 2023-06-16 08:23:06 --> Session: Class initialized using 'CodeIgniter\Session\Handlers\FileHandler' driver.
INFO - 2023-06-16 08:23:06 --> Session: Class initialized using 'CodeIgniter\Session\Handlers\FileHandler' driver.
INFO - 2023-06-16 08:23:12 --> Session: Class initialized using 'CodeIgniter\Session\Handlers\FileHandler' driver.
INFO - 2023-06-16 08:23:16 --> Session: Class initialized using 'CodeIgniter\Session\Handlers\FileHandler' driver.
INFO - 2023-06-16 08:23:17 --> Session: Class initialized using 'CodeIgniter\Session\Handlers\FileHandler' driver.
INFO - 2023-06-16 08:57:01 --> Session: Class initialized using 'CodeIgniter\Session\Handlers\FileHandler' driver.
INFO - 2023-06-16 08:57:09 --> Session: Class initialized using 'CodeIgniter\Session\Handlers\FileHandler' driver.
INFO - 2023-06-16 08:57:12 --> Session: Class initialized using 'CodeIgniter\Session\Handlers\FileHandler' driver.
INFO - 2023-06-16 08:57:12 --> Session: Class initialized using 'CodeIgniter\Session\Handlers\FileHandler' driver.
INFO - 2023-06-16 08:57:14 --> Session: Class initialized using 'CodeIgniter\Session\Handlers\FileHandler' driver.
INFO - 2023-06-16 08:57:16 --> Session: Class initialized using 'CodeIgniter\Session\Handlers\FileHandler' driver.
INFO - 2023-06-16 08:57:23 --> Session: Class initialized using 'CodeIgniter\Session\Handlers\FileHandler' driver.
INFO - 2023-06-16 08:58:15 --> Session: Class initialized using 'CodeIgniter\Session\Handlers\FileHandler' driver.
INFO - 2023-06-16 08:58:18 --> Session: Class initialized using 'CodeIgniter\Session\Handlers\FileHandler' driver.
INFO - 2023-06-16 09:05:35 --> Session: Class initialized using 'CodeIgniter\Session\Handlers\FileHandler' driver.
INFO - 2023-06-16 09:05:41 --> Session: Class initialized using 'CodeIgniter\Session\Handlers\FileHandler' driver.
INFO - 2023-06-16 09:07:46 --> Session: Class initialized using 'CodeIgniter\Session\Handlers\FileHandler' driver.
INFO - 2023-06-16 09:07:48 --> Session: Class initialized using 'CodeIgniter\Session\Handlers\FileHandler' driver.
ERROR - 2023-06-16 09:07:48 --> mysqli_sql_exception: You have an error in your SQL syntax; check the manual that corresponds to your MariaDB server version for the right syntax to use near '?' at line 6 in E:\xampp\htdocs\codeigniter\system\Database\MySQLi\Connection.php:295
Stack trace:
#0 E:\xampp\htdocs\codeigniter\system\Database\MySQLi\Connection.php(295): mysqli->query('SELECT `idventa...', 0)
#1 E:\xampp\htdocs\codeigniter\system\Database\BaseConnection.php(691): CodeIgniter\Database\MySQLi\Connection->execute('SELECT `idventa...')
#2 E:\xampp\htdocs\codeigniter\system\Database\BaseConnection.php(605): CodeIgniter\Database\BaseConnection->simpleQuery('SELECT `idventa...')
#3 E:\xampp\htdocs\codeigniter\app\Models\VentaModel.php(186): CodeIgniter\Database\BaseConnection->query('SELECT `idventa...', Array)
#4 E:\xampp\htdocs\codeigniter\app\Controllers\Reporte.php(48): App\Models\VentaModel->ajax_reporte(Array)
#5 E:\xampp\htdocs\codeigniter\system\CodeIgniter.php(934): App\Controllers\Reporte->ajax_reporte()
#6 E:\xampp\htdocs\codeigniter\system\CodeIgniter.php(499): CodeIgniter\CodeIgniter->runController(Object(App\Controllers\Reporte))
#7 E:\xampp\htdocs\codeigniter\system\CodeIgniter.php(368): CodeIgniter\CodeIgniter->handleRequest(NULL, Object(Config\Cache), false)
#8 E:\xampp\htdocs\codeigniter\index.php(67): CodeIgniter\CodeIgniter->run()
#9 {main}
CRITICAL - 2023-06-16 09:07:48 --> You have an error in your SQL syntax; check the manual that corresponds to your MariaDB server version for the right syntax to use near '?' at line 6
in SYSTEMPATH\Database\MySQLi\Connection.php on line 295.
 1 SYSTEMPATH\Database\MySQLi\Connection.php(295): mysqli->query('SELECT `idventas`,arqueo_caja.idarqueo_caja, usuario.usuario AS vendedor, arqueo_caja.fk_usuario AS usuario, persona.nombre, venta.`created_at`, `total` 
FROM `venta` 
INNER JOIN arqueo_caja ON venta.fk_arqueo = arqueo_caja.idarqueo_caja
INNER JOIN persona ON persona.idpersona = venta.fk_persona
INNER JOIN usuario ON usuario.idusuario = arqueo_caja.fk_usuario
WHERE arqueo_caja.fk_usuario = ? ;', 0)
 2 SYSTEMPATH\Database\BaseConnection.php(691): CodeIgniter\Database\MySQLi\Connection->execute('SELECT `idventas`,arqueo_caja.idarqueo_caja, usuario.usuario AS vendedor, arqueo_caja.fk_usuario AS usuario, persona.nombre, venta.`created_at`, `total` 
FROM `venta` 
INNER JOIN arqueo_caja ON venta.fk_arqueo = arqueo_caja.idarqueo_caja
INNER JOIN persona ON persona.idpersona = venta.fk_persona
INNER JOIN usuario ON usuario.idusuario = arqueo_caja.fk_usuario
WHERE arqueo_caja.fk_usuario = ? ;')
 3 SYSTEMPATH\Database\BaseConnection.php(605): CodeIgniter\Database\BaseConnection->simpleQuery('SELECT `idventas`,arqueo_caja.idarqueo_caja, usuario.usuario AS vendedor, arqueo_caja.fk_usuario AS usuario, persona.nombre, venta.`created_at`, `total` 
FROM `venta` 
INNER JOIN arqueo_caja ON venta.fk_arqueo = arqueo_caja.idarqueo_caja
INNER JOIN persona ON persona.idpersona = venta.fk_persona
INNER JOIN usuario ON usuario.idusuario = arqueo_caja.fk_usuario
WHERE arqueo_caja.fk_usuario = ? ;')
 4 APPPATH\Models\VentaModel.php(186): CodeIgniter\Database\BaseConnection->query('SELECT `idventas`,arqueo_caja.idarqueo_caja, usuario.usuario AS vendedor, arqueo_caja.fk_usuario AS usuario, persona.nombre, venta.`created_at`, `total` 
FROM `venta` 
INNER JOIN arqueo_caja ON venta.fk_arqueo = arqueo_caja.idarqueo_caja
INNER JOIN persona ON persona.idpersona = venta.fk_persona
INNER JOIN usuario ON usuario.idusuario = arqueo_caja.fk_usuario
WHERE arqueo_caja.fk_usuario = ? ;', [...])
 5 APPPATH\Controllers\Reporte.php(48): App\Models\VentaModel->ajax_reporte([...])
 6 SYSTEMPATH\CodeIgniter.php(934): App\Controllers\Reporte->ajax_reporte()
 7 SYSTEMPATH\CodeIgniter.php(499): CodeIgniter\CodeIgniter->runController(Object(App\Controllers\Reporte))
 8 SYSTEMPATH\CodeIgniter.php(368): CodeIgniter\CodeIgniter->handleRequest(null, Object(Config\Cache), false)
 9 FCPATH\index.php(67): CodeIgniter\CodeIgniter->run()
INFO - 2023-06-16 09:09:28 --> Session: Class initialized using 'CodeIgniter\Session\Handlers\FileHandler' driver.
INFO - 2023-06-16 09:09:30 --> Session: Class initialized using 'CodeIgniter\Session\Handlers\FileHandler' driver.
INFO - 2023-06-16 09:10:42 --> Session: Class initialized using 'CodeIgniter\Session\Handlers\FileHandler' driver.
INFO - 2023-06-16 09:10:44 --> Session: Class initialized using 'CodeIgniter\Session\Handlers\FileHandler' driver.
ERROR - 2023-06-16 09:10:44 --> mysqli_sql_exception: You have an error in your SQL syntax; check the manual that corresponds to your MariaDB server version for the right syntax to use near '' at line 6 in E:\xampp\htdocs\codeigniter\system\Database\MySQLi\Connection.php:295
Stack trace:
#0 E:\xampp\htdocs\codeigniter\system\Database\MySQLi\Connection.php(295): mysqli->query('SELECT `idventa...', 0)
#1 E:\xampp\htdocs\codeigniter\system\Database\BaseConnection.php(691): CodeIgniter\Database\MySQLi\Connection->execute('SELECT `idventa...')
#2 E:\xampp\htdocs\codeigniter\system\Database\BaseConnection.php(605): CodeIgniter\Database\BaseConnection->simpleQuery('SELECT `idventa...')
#3 E:\xampp\htdocs\codeigniter\app\Models\VentaModel.php(186): CodeIgniter\Database\BaseConnection->query('SELECT `idventa...', Array)
#4 E:\xampp\htdocs\codeigniter\app\Controllers\Reporte.php(48): App\Models\VentaModel->ajax_reporte(Array)
#5 E:\xampp\htdocs\codeigniter\system\CodeIgniter.php(934): App\Controllers\Reporte->ajax_reporte()
#6 E:\xampp\htdocs\codeigniter\system\CodeIgniter.php(499): CodeIgniter\CodeIgniter->runController(Object(App\Controllers\Reporte))
#7 E:\xampp\htdocs\codeigniter\system\CodeIgniter.php(368): CodeIgniter\CodeIgniter->handleRequest(NULL, Object(Config\Cache), false)
#8 E:\xampp\htdocs\codeigniter\index.php(67): CodeIgniter\CodeIgniter->run()
#9 {main}
CRITICAL - 2023-06-16 09:10:44 --> You have an error in your SQL syntax; check the manual that corresponds to your MariaDB server version for the right syntax to use near '' at line 6
in SYSTEMPATH\Database\MySQLi\Connection.php on line 295.
 1 SYSTEMPATH\Database\MySQLi\Connection.php(295): mysqli->query('SELECT `idventas`,arqueo_caja.idarqueo_caja, usuario.usuario AS vendedor, arqueo_caja.fk_usuario AS usuario, persona.nombre, venta.`created_at`, `total` 
FROM `venta` 
INNER JOIN arqueo_caja ON venta.fk_arqueo = arqueo_caja.idarqueo_caja
INNER JOIN persona ON persona.idpersona = venta.fk_persona
INNER JOIN usuario ON usuario.idusuario = arqueo_caja.fk_usuario
WHERE arqueo_caja.fk_usuario = \'true\' AND;', 0)
 2 SYSTEMPATH\Database\BaseConnection.php(691): CodeIgniter\Database\MySQLi\Connection->execute('SELECT `idventas`,arqueo_caja.idarqueo_caja, usuario.usuario AS vendedor, arqueo_caja.fk_usuario AS usuario, persona.nombre, venta.`created_at`, `total` 
FROM `venta` 
INNER JOIN arqueo_caja ON venta.fk_arqueo = arqueo_caja.idarqueo_caja
INNER JOIN persona ON persona.idpersona = venta.fk_persona
INNER JOIN usuario ON usuario.idusuario = arqueo_caja.fk_usuario
WHERE arqueo_caja.fk_usuario = \'true\' AND;')
 3 SYSTEMPATH\Database\BaseConnection.php(605): CodeIgniter\Database\BaseConnection->simpleQuery('SELECT `idventas`,arqueo_caja.idarqueo_caja, usuario.usuario AS vendedor, arqueo_caja.fk_usuario AS usuario, persona.nombre, venta.`created_at`, `total` 
FROM `venta` 
INNER JOIN arqueo_caja ON venta.fk_arqueo = arqueo_caja.idarqueo_caja
INNER JOIN persona ON persona.idpersona = venta.fk_persona
INNER JOIN usuario ON usuario.idusuario = arqueo_caja.fk_usuario
WHERE arqueo_caja.fk_usuario = \'true\' AND;')
 4 APPPATH\Models\VentaModel.php(186): CodeIgniter\Database\BaseConnection->query('SELECT `idventas`,arqueo_caja.idarqueo_caja, usuario.usuario AS vendedor, arqueo_caja.fk_usuario AS usuario, persona.nombre, venta.`created_at`, `total` 
FROM `venta` 
INNER JOIN arqueo_caja ON venta.fk_arqueo = arqueo_caja.idarqueo_caja
INNER JOIN persona ON persona.idpersona = venta.fk_persona
INNER JOIN usuario ON usuario.idusuario = arqueo_caja.fk_usuario
WHERE arqueo_caja.fk_usuario = ? AND;', [...])
 5 APPPATH\Controllers\Reporte.php(48): App\Models\VentaModel->ajax_reporte([...])
 6 SYSTEMPATH\CodeIgniter.php(934): App\Controllers\Reporte->ajax_reporte()
 7 SYSTEMPATH\CodeIgniter.php(499): CodeIgniter\CodeIgniter->runController(Object(App\Controllers\Reporte))
 8 SYSTEMPATH\CodeIgniter.php(368): CodeIgniter\CodeIgniter->handleRequest(null, Object(Config\Cache), false)
 9 FCPATH\index.php(67): CodeIgniter\CodeIgniter->run()
INFO - 2023-06-16 09:10:47 --> Session: Class initialized using 'CodeIgniter\Session\Handlers\FileHandler' driver.
ERROR - 2023-06-16 09:10:47 --> mysqli_sql_exception: You have an error in your SQL syntax; check the manual that corresponds to your MariaDB server version for the right syntax to use near '' at line 6 in E:\xampp\htdocs\codeigniter\system\Database\MySQLi\Connection.php:295
Stack trace:
#0 E:\xampp\htdocs\codeigniter\system\Database\MySQLi\Connection.php(295): mysqli->query('SELECT `idventa...', 0)
#1 E:\xampp\htdocs\codeigniter\system\Database\BaseConnection.php(691): CodeIgniter\Database\MySQLi\Connection->execute('SELECT `idventa...')
#2 E:\xampp\htdocs\codeigniter\system\Database\BaseConnection.php(605): CodeIgniter\Database\BaseConnection->simpleQuery('SELECT `idventa...')
#3 E:\xampp\htdocs\codeigniter\app\Models\VentaModel.php(186): CodeIgniter\Database\BaseConnection->query('SELECT `idventa...', Array)
#4 E:\xampp\htdocs\codeigniter\app\Controllers\Reporte.php(48): App\Models\VentaModel->ajax_reporte(Array)
#5 E:\xampp\htdocs\codeigniter\system\CodeIgniter.php(934): App\Controllers\Reporte->ajax_reporte()
#6 E:\xampp\htdocs\codeigniter\system\CodeIgniter.php(499): CodeIgniter\CodeIgniter->runController(Object(App\Controllers\Reporte))
#7 E:\xampp\htdocs\codeigniter\system\CodeIgniter.php(368): CodeIgniter\CodeIgniter->handleRequest(NULL, Object(Config\Cache), false)
#8 E:\xampp\htdocs\codeigniter\index.php(67): CodeIgniter\CodeIgniter->run()
#9 {main}
CRITICAL - 2023-06-16 09:10:47 --> You have an error in your SQL syntax; check the manual that corresponds to your MariaDB server version for the right syntax to use near '' at line 6
in SYSTEMPATH\Database\MySQLi\Connection.php on line 295.
 1 SYSTEMPATH\Database\MySQLi\Connection.php(295): mysqli->query('SELECT `idventas`,arqueo_caja.idarqueo_caja, usuario.usuario AS vendedor, arqueo_caja.fk_usuario AS usuario, persona.nombre, venta.`created_at`, `total` 
FROM `venta` 
INNER JOIN arqueo_caja ON venta.fk_arqueo = arqueo_caja.idarqueo_caja
INNER JOIN persona ON persona.idpersona = venta.fk_persona
INNER JOIN usuario ON usuario.idusuario = arqueo_caja.fk_usuario
WHERE arqueo_caja.fk_usuario = \'true\' AND;', 0)
 2 SYSTEMPATH\Database\BaseConnection.php(691): CodeIgniter\Database\MySQLi\Connection->execute('SELECT `idventas`,arqueo_caja.idarqueo_caja, usuario.usuario AS vendedor, arqueo_caja.fk_usuario AS usuario, persona.nombre, venta.`created_at`, `total` 
FROM `venta` 
INNER JOIN arqueo_caja ON venta.fk_arqueo = arqueo_caja.idarqueo_caja
INNER JOIN persona ON persona.idpersona = venta.fk_persona
INNER JOIN usuario ON usuario.idusuario = arqueo_caja.fk_usuario
WHERE arqueo_caja.fk_usuario = \'true\' AND;')
 3 SYSTEMPATH\Database\BaseConnection.php(605): CodeIgniter\Database\BaseConnection->simpleQuery('SELECT `idventas`,arqueo_caja.idarqueo_caja, usuario.usuario AS vendedor, arqueo_caja.fk_usuario AS usuario, persona.nombre, venta.`created_at`, `total` 
FROM `venta` 
INNER JOIN arqueo_caja ON venta.fk_arqueo = arqueo_caja.idarqueo_caja
INNER JOIN persona ON persona.idpersona = venta.fk_persona
INNER JOIN usuario ON usuario.idusuario = arqueo_caja.fk_usuario
WHERE arqueo_caja.fk_usuario = \'true\' AND;')
 4 APPPATH\Models\VentaModel.php(186): CodeIgniter\Database\BaseConnection->query('SELECT `idventas`,arqueo_caja.idarqueo_caja, usuario.usuario AS vendedor, arqueo_caja.fk_usuario AS usuario, persona.nombre, venta.`created_at`, `total` 
FROM `venta` 
INNER JOIN arqueo_caja ON venta.fk_arqueo = arqueo_caja.idarqueo_caja
INNER JOIN persona ON persona.idpersona = venta.fk_persona
INNER JOIN usuario ON usuario.idusuario = arqueo_caja.fk_usuario
WHERE arqueo_caja.fk_usuario = ? AND;', [...])
 5 APPPATH\Controllers\Reporte.php(48): App\Models\VentaModel->ajax_reporte([...])
 6 SYSTEMPATH\CodeIgniter.php(934): App\Controllers\Reporte->ajax_reporte()
 7 SYSTEMPATH\CodeIgniter.php(499): CodeIgniter\CodeIgniter->runController(Object(App\Controllers\Reporte))
 8 SYSTEMPATH\CodeIgniter.php(368): CodeIgniter\CodeIgniter->handleRequest(null, Object(Config\Cache), false)
 9 FCPATH\index.php(67): CodeIgniter\CodeIgniter->run()
INFO - 2023-06-16 09:10:47 --> Session: Class initialized using 'CodeIgniter\Session\Handlers\FileHandler' driver.
ERROR - 2023-06-16 09:10:47 --> mysqli_sql_exception: You have an error in your SQL syntax; check the manual that corresponds to your MariaDB server version for the right syntax to use near '' at line 6 in E:\xampp\htdocs\codeigniter\system\Database\MySQLi\Connection.php:295
Stack trace:
#0 E:\xampp\htdocs\codeigniter\system\Database\MySQLi\Connection.php(295): mysqli->query('SELECT `idventa...', 0)
#1 E:\xampp\htdocs\codeigniter\system\Database\BaseConnection.php(691): CodeIgniter\Database\MySQLi\Connection->execute('SELECT `idventa...')
#2 E:\xampp\htdocs\codeigniter\system\Database\BaseConnection.php(605): CodeIgniter\Database\BaseConnection->simpleQuery('SELECT `idventa...')
#3 E:\xampp\htdocs\codeigniter\app\Models\VentaModel.php(186): CodeIgniter\Database\BaseConnection->query('SELECT `idventa...', Array)
#4 E:\xampp\htdocs\codeigniter\app\Controllers\Reporte.php(48): App\Models\VentaModel->ajax_reporte(Array)
#5 E:\xampp\htdocs\codeigniter\system\CodeIgniter.php(934): App\Controllers\Reporte->ajax_reporte()
#6 E:\xampp\htdocs\codeigniter\system\CodeIgniter.php(499): CodeIgniter\CodeIgniter->runController(Object(App\Controllers\Reporte))
#7 E:\xampp\htdocs\codeigniter\system\CodeIgniter.php(368): CodeIgniter\CodeIgniter->handleRequest(NULL, Object(Config\Cache), false)
#8 E:\xampp\htdocs\codeigniter\index.php(67): CodeIgniter\CodeIgniter->run()
#9 {main}
CRITICAL - 2023-06-16 09:10:47 --> You have an error in your SQL syntax; check the manual that corresponds to your MariaDB server version for the right syntax to use near '' at line 6
in SYSTEMPATH\Database\MySQLi\Connection.php on line 295.
 1 SYSTEMPATH\Database\MySQLi\Connection.php(295): mysqli->query('SELECT `idventas`,arqueo_caja.idarqueo_caja, usuario.usuario AS vendedor, arqueo_caja.fk_usuario AS usuario, persona.nombre, venta.`created_at`, `total` 
FROM `venta` 
INNER JOIN arqueo_caja ON venta.fk_arqueo = arqueo_caja.idarqueo_caja
INNER JOIN persona ON persona.idpersona = venta.fk_persona
INNER JOIN usuario ON usuario.idusuario = arqueo_caja.fk_usuario
WHERE arqueo_caja.fk_usuario = \'true\' AND;', 0)
 2 SYSTEMPATH\Database\BaseConnection.php(691): CodeIgniter\Database\MySQLi\Connection->execute('SELECT `idventas`,arqueo_caja.idarqueo_caja, usuario.usuario AS vendedor, arqueo_caja.fk_usuario AS usuario, persona.nombre, venta.`created_at`, `total` 
FROM `venta` 
INNER JOIN arqueo_caja ON venta.fk_arqueo = arqueo_caja.idarqueo_caja
INNER JOIN persona ON persona.idpersona = venta.fk_persona
INNER JOIN usuario ON usuario.idusuario = arqueo_caja.fk_usuario
WHERE arqueo_caja.fk_usuario = \'true\' AND;')
 3 SYSTEMPATH\Database\BaseConnection.php(605): CodeIgniter\Database\BaseConnection->simpleQuery('SELECT `idventas`,arqueo_caja.idarqueo_caja, usuario.usuario AS vendedor, arqueo_caja.fk_usuario AS usuario, persona.nombre, venta.`created_at`, `total` 
FROM `venta` 
INNER JOIN arqueo_caja ON venta.fk_arqueo = arqueo_caja.idarqueo_caja
INNER JOIN persona ON persona.idpersona = venta.fk_persona
INNER JOIN usuario ON usuario.idusuario = arqueo_caja.fk_usuario
WHERE arqueo_caja.fk_usuario = \'true\' AND;')
 4 APPPATH\Models\VentaModel.php(186): CodeIgniter\Database\BaseConnection->query('SELECT `idventas`,arqueo_caja.idarqueo_caja, usuario.usuario AS vendedor, arqueo_caja.fk_usuario AS usuario, persona.nombre, venta.`created_at`, `total` 
FROM `venta` 
INNER JOIN arqueo_caja ON venta.fk_arqueo = arqueo_caja.idarqueo_caja
INNER JOIN persona ON persona.idpersona = venta.fk_persona
INNER JOIN usuario ON usuario.idusuario = arqueo_caja.fk_usuario
WHERE arqueo_caja.fk_usuario = ? AND;', [...])
 5 APPPATH\Controllers\Reporte.php(48): App\Models\VentaModel->ajax_reporte([...])
 6 SYSTEMPATH\CodeIgniter.php(934): App\Controllers\Reporte->ajax_reporte()
 7 SYSTEMPATH\CodeIgniter.php(499): CodeIgniter\CodeIgniter->runController(Object(App\Controllers\Reporte))
 8 SYSTEMPATH\CodeIgniter.php(368): CodeIgniter\CodeIgniter->handleRequest(null, Object(Config\Cache), false)
 9 FCPATH\index.php(67): CodeIgniter\CodeIgniter->run()
INFO - 2023-06-16 09:10:47 --> Session: Class initialized using 'CodeIgniter\Session\Handlers\FileHandler' driver.
ERROR - 2023-06-16 09:10:48 --> mysqli_sql_exception: You have an error in your SQL syntax; check the manual that corresponds to your MariaDB server version for the right syntax to use near '' at line 6 in E:\xampp\htdocs\codeigniter\system\Database\MySQLi\Connection.php:295
Stack trace:
#0 E:\xampp\htdocs\codeigniter\system\Database\MySQLi\Connection.php(295): mysqli->query('SELECT `idventa...', 0)
#1 E:\xampp\htdocs\codeigniter\system\Database\BaseConnection.php(691): CodeIgniter\Database\MySQLi\Connection->execute('SELECT `idventa...')
#2 E:\xampp\htdocs\codeigniter\system\Database\BaseConnection.php(605): CodeIgniter\Database\BaseConnection->simpleQuery('SELECT `idventa...')
#3 E:\xampp\htdocs\codeigniter\app\Models\VentaModel.php(186): CodeIgniter\Database\BaseConnection->query('SELECT `idventa...', Array)
#4 E:\xampp\htdocs\codeigniter\app\Controllers\Reporte.php(48): App\Models\VentaModel->ajax_reporte(Array)
#5 E:\xampp\htdocs\codeigniter\system\CodeIgniter.php(934): App\Controllers\Reporte->ajax_reporte()
#6 E:\xampp\htdocs\codeigniter\system\CodeIgniter.php(499): CodeIgniter\CodeIgniter->runController(Object(App\Controllers\Reporte))
#7 E:\xampp\htdocs\codeigniter\system\CodeIgniter.php(368): CodeIgniter\CodeIgniter->handleRequest(NULL, Object(Config\Cache), false)
#8 E:\xampp\htdocs\codeigniter\index.php(67): CodeIgniter\CodeIgniter->run()
#9 {main}
CRITICAL - 2023-06-16 09:10:48 --> You have an error in your SQL syntax; check the manual that corresponds to your MariaDB server version for the right syntax to use near '' at line 6
in SYSTEMPATH\Database\MySQLi\Connection.php on line 295.
 1 SYSTEMPATH\Database\MySQLi\Connection.php(295): mysqli->query('SELECT `idventas`,arqueo_caja.idarqueo_caja, usuario.usuario AS vendedor, arqueo_caja.fk_usuario AS usuario, persona.nombre, venta.`created_at`, `total` 
FROM `venta` 
INNER JOIN arqueo_caja ON venta.fk_arqueo = arqueo_caja.idarqueo_caja
INNER JOIN persona ON persona.idpersona = venta.fk_persona
INNER JOIN usuario ON usuario.idusuario = arqueo_caja.fk_usuario
WHERE arqueo_caja.fk_usuario = \'true\' AND;', 0)
 2 SYSTEMPATH\Database\BaseConnection.php(691): CodeIgniter\Database\MySQLi\Connection->execute('SELECT `idventas`,arqueo_caja.idarqueo_caja, usuario.usuario AS vendedor, arqueo_caja.fk_usuario AS usuario, persona.nombre, venta.`created_at`, `total` 
FROM `venta` 
INNER JOIN arqueo_caja ON venta.fk_arqueo = arqueo_caja.idarqueo_caja
INNER JOIN persona ON persona.idpersona = venta.fk_persona
INNER JOIN usuario ON usuario.idusuario = arqueo_caja.fk_usuario
WHERE arqueo_caja.fk_usuario = \'true\' AND;')
 3 SYSTEMPATH\Database\BaseConnection.php(605): CodeIgniter\Database\BaseConnection->simpleQuery('SELECT `idventas`,arqueo_caja.idarqueo_caja, usuario.usuario AS vendedor, arqueo_caja.fk_usuario AS usuario, persona.nombre, venta.`created_at`, `total` 
FROM `venta` 
INNER JOIN arqueo_caja ON venta.fk_arqueo = arqueo_caja.idarqueo_caja
INNER JOIN persona ON persona.idpersona = venta.fk_persona
INNER JOIN usuario ON usuario.idusuario = arqueo_caja.fk_usuario
WHERE arqueo_caja.fk_usuario = \'true\' AND;')
 4 APPPATH\Models\VentaModel.php(186): CodeIgniter\Database\BaseConnection->query('SELECT `idventas`,arqueo_caja.idarqueo_caja, usuario.usuario AS vendedor, arqueo_caja.fk_usuario AS usuario, persona.nombre, venta.`created_at`, `total` 
FROM `venta` 
INNER JOIN arqueo_caja ON venta.fk_arqueo = arqueo_caja.idarqueo_caja
INNER JOIN persona ON persona.idpersona = venta.fk_persona
INNER JOIN usuario ON usuario.idusuario = arqueo_caja.fk_usuario
WHERE arqueo_caja.fk_usuario = ? AND;', [...])
 5 APPPATH\Controllers\Reporte.php(48): App\Models\VentaModel->ajax_reporte([...])
 6 SYSTEMPATH\CodeIgniter.php(934): App\Controllers\Reporte->ajax_reporte()
 7 SYSTEMPATH\CodeIgniter.php(499): CodeIgniter\CodeIgniter->runController(Object(App\Controllers\Reporte))
 8 SYSTEMPATH\CodeIgniter.php(368): CodeIgniter\CodeIgniter->handleRequest(null, Object(Config\Cache), false)
 9 FCPATH\index.php(67): CodeIgniter\CodeIgniter->run()
INFO - 2023-06-16 09:10:51 --> Session: Class initialized using 'CodeIgniter\Session\Handlers\FileHandler' driver.
INFO - 2023-06-16 09:10:52 --> Session: Class initialized using 'CodeIgniter\Session\Handlers\FileHandler' driver.
ERROR - 2023-06-16 09:10:52 --> mysqli_sql_exception: You have an error in your SQL syntax; check the manual that corresponds to your MariaDB server version for the right syntax to use near '' at line 6 in E:\xampp\htdocs\codeigniter\system\Database\MySQLi\Connection.php:295
Stack trace:
#0 E:\xampp\htdocs\codeigniter\system\Database\MySQLi\Connection.php(295): mysqli->query('SELECT `idventa...', 0)
#1 E:\xampp\htdocs\codeigniter\system\Database\BaseConnection.php(691): CodeIgniter\Database\MySQLi\Connection->execute('SELECT `idventa...')
#2 E:\xampp\htdocs\codeigniter\system\Database\BaseConnection.php(605): CodeIgniter\Database\BaseConnection->simpleQuery('SELECT `idventa...')
#3 E:\xampp\htdocs\codeigniter\app\Models\VentaModel.php(186): CodeIgniter\Database\BaseConnection->query('SELECT `idventa...', Array)
#4 E:\xampp\htdocs\codeigniter\app\Controllers\Reporte.php(48): App\Models\VentaModel->ajax_reporte(Array)
#5 E:\xampp\htdocs\codeigniter\system\CodeIgniter.php(934): App\Controllers\Reporte->ajax_reporte()
#6 E:\xampp\htdocs\codeigniter\system\CodeIgniter.php(499): CodeIgniter\CodeIgniter->runController(Object(App\Controllers\Reporte))
#7 E:\xampp\htdocs\codeigniter\system\CodeIgniter.php(368): CodeIgniter\CodeIgniter->handleRequest(NULL, Object(Config\Cache), false)
#8 E:\xampp\htdocs\codeigniter\index.php(67): CodeIgniter\CodeIgniter->run()
#9 {main}
CRITICAL - 2023-06-16 09:10:52 --> You have an error in your SQL syntax; check the manual that corresponds to your MariaDB server version for the right syntax to use near '' at line 6
in SYSTEMPATH\Database\MySQLi\Connection.php on line 295.
 1 SYSTEMPATH\Database\MySQLi\Connection.php(295): mysqli->query('SELECT `idventas`,arqueo_caja.idarqueo_caja, usuario.usuario AS vendedor, arqueo_caja.fk_usuario AS usuario, persona.nombre, venta.`created_at`, `total` 
FROM `venta` 
INNER JOIN arqueo_caja ON venta.fk_arqueo = arqueo_caja.idarqueo_caja
INNER JOIN persona ON persona.idpersona = venta.fk_persona
INNER JOIN usuario ON usuario.idusuario = arqueo_caja.fk_usuario
WHERE arqueo_caja.fk_usuario = \'true\' AND;', 0)
 2 SYSTEMPATH\Database\BaseConnection.php(691): CodeIgniter\Database\MySQLi\Connection->execute('SELECT `idventas`,arqueo_caja.idarqueo_caja, usuario.usuario AS vendedor, arqueo_caja.fk_usuario AS usuario, persona.nombre, venta.`created_at`, `total` 
FROM `venta` 
INNER JOIN arqueo_caja ON venta.fk_arqueo = arqueo_caja.idarqueo_caja
INNER JOIN persona ON persona.idpersona = venta.fk_persona
INNER JOIN usuario ON usuario.idusuario = arqueo_caja.fk_usuario
WHERE arqueo_caja.fk_usuario = \'true\' AND;')
 3 SYSTEMPATH\Database\BaseConnection.php(605): CodeIgniter\Database\BaseConnection->simpleQuery('SELECT `idventas`,arqueo_caja.idarqueo_caja, usuario.usuario AS vendedor, arqueo_caja.fk_usuario AS usuario, persona.nombre, venta.`created_at`, `total` 
FROM `venta` 
INNER JOIN arqueo_caja ON venta.fk_arqueo = arqueo_caja.idarqueo_caja
INNER JOIN persona ON persona.idpersona = venta.fk_persona
INNER JOIN usuario ON usuario.idusuario = arqueo_caja.fk_usuario
WHERE arqueo_caja.fk_usuario = \'true\' AND;')
 4 APPPATH\Models\VentaModel.php(186): CodeIgniter\Database\BaseConnection->query('SELECT `idventas`,arqueo_caja.idarqueo_caja, usuario.usuario AS vendedor, arqueo_caja.fk_usuario AS usuario, persona.nombre, venta.`created_at`, `total` 
FROM `venta` 
INNER JOIN arqueo_caja ON venta.fk_arqueo = arqueo_caja.idarqueo_caja
INNER JOIN persona ON persona.idpersona = venta.fk_persona
INNER JOIN usuario ON usuario.idusuario = arqueo_caja.fk_usuario
WHERE arqueo_caja.fk_usuario = ? AND;', [...])
 5 APPPATH\Controllers\Reporte.php(48): App\Models\VentaModel->ajax_reporte([...])
 6 SYSTEMPATH\CodeIgniter.php(934): App\Controllers\Reporte->ajax_reporte()
 7 SYSTEMPATH\CodeIgniter.php(499): CodeIgniter\CodeIgniter->runController(Object(App\Controllers\Reporte))
 8 SYSTEMPATH\CodeIgniter.php(368): CodeIgniter\CodeIgniter->handleRequest(null, Object(Config\Cache), false)
 9 FCPATH\index.php(67): CodeIgniter\CodeIgniter->run()
INFO - 2023-06-16 09:11:20 --> Session: Class initialized using 'CodeIgniter\Session\Handlers\FileHandler' driver.
INFO - 2023-06-16 09:11:23 --> Session: Class initialized using 'CodeIgniter\Session\Handlers\FileHandler' driver.
ERROR - 2023-06-16 09:11:23 --> mysqli_sql_exception: You have an error in your SQL syntax; check the manual that corresponds to your MariaDB server version for the right syntax to use near '' at line 6 in E:\xampp\htdocs\codeigniter\system\Database\MySQLi\Connection.php:295
Stack trace:
#0 E:\xampp\htdocs\codeigniter\system\Database\MySQLi\Connection.php(295): mysqli->query('SELECT `idventa...', 0)
#1 E:\xampp\htdocs\codeigniter\system\Database\BaseConnection.php(691): CodeIgniter\Database\MySQLi\Connection->execute('SELECT `idventa...')
#2 E:\xampp\htdocs\codeigniter\system\Database\BaseConnection.php(605): CodeIgniter\Database\BaseConnection->simpleQuery('SELECT `idventa...')
#3 E:\xampp\htdocs\codeigniter\app\Models\VentaModel.php(186): CodeIgniter\Database\BaseConnection->query('SELECT `idventa...', Array)
#4 E:\xampp\htdocs\codeigniter\app\Controllers\Reporte.php(48): App\Models\VentaModel->ajax_reporte(Array)
#5 E:\xampp\htdocs\codeigniter\system\CodeIgniter.php(934): App\Controllers\Reporte->ajax_reporte()
#6 E:\xampp\htdocs\codeigniter\system\CodeIgniter.php(499): CodeIgniter\CodeIgniter->runController(Object(App\Controllers\Reporte))
#7 E:\xampp\htdocs\codeigniter\system\CodeIgniter.php(368): CodeIgniter\CodeIgniter->handleRequest(NULL, Object(Config\Cache), false)
#8 E:\xampp\htdocs\codeigniter\index.php(67): CodeIgniter\CodeIgniter->run()
#9 {main}
CRITICAL - 2023-06-16 09:11:23 --> You have an error in your SQL syntax; check the manual that corresponds to your MariaDB server version for the right syntax to use near '' at line 6
in SYSTEMPATH\Database\MySQLi\Connection.php on line 295.
 1 SYSTEMPATH\Database\MySQLi\Connection.php(295): mysqli->query('SELECT `idventas`,arqueo_caja.idarqueo_caja, usuario.usuario AS vendedor, arqueo_caja.fk_usuario AS usuario, persona.nombre, venta.`created_at`, `total` 
FROM `venta` 
INNER JOIN arqueo_caja ON venta.fk_arqueo = arqueo_caja.idarqueo_caja
INNER JOIN persona ON persona.idpersona = venta.fk_persona
INNER JOIN usuario ON usuario.idusuario = arqueo_caja.fk_usuario
WHERE arqueo_caja.fk_usuario = \'true\' AND;', 0)
 2 SYSTEMPATH\Database\BaseConnection.php(691): CodeIgniter\Database\MySQLi\Connection->execute('SELECT `idventas`,arqueo_caja.idarqueo_caja, usuario.usuario AS vendedor, arqueo_caja.fk_usuario AS usuario, persona.nombre, venta.`created_at`, `total` 
FROM `venta` 
INNER JOIN arqueo_caja ON venta.fk_arqueo = arqueo_caja.idarqueo_caja
INNER JOIN persona ON persona.idpersona = venta.fk_persona
INNER JOIN usuario ON usuario.idusuario = arqueo_caja.fk_usuario
WHERE arqueo_caja.fk_usuario = \'true\' AND;')
 3 SYSTEMPATH\Database\BaseConnection.php(605): CodeIgniter\Database\BaseConnection->simpleQuery('SELECT `idventas`,arqueo_caja.idarqueo_caja, usuario.usuario AS vendedor, arqueo_caja.fk_usuario AS usuario, persona.nombre, venta.`created_at`, `total` 
FROM `venta` 
INNER JOIN arqueo_caja ON venta.fk_arqueo = arqueo_caja.idarqueo_caja
INNER JOIN persona ON persona.idpersona = venta.fk_persona
INNER JOIN usuario ON usuario.idusuario = arqueo_caja.fk_usuario
WHERE arqueo_caja.fk_usuario = \'true\' AND;')
 4 APPPATH\Models\VentaModel.php(186): CodeIgniter\Database\BaseConnection->query('SELECT `idventas`,arqueo_caja.idarqueo_caja, usuario.usuario AS vendedor, arqueo_caja.fk_usuario AS usuario, persona.nombre, venta.`created_at`, `total` 
FROM `venta` 
INNER JOIN arqueo_caja ON venta.fk_arqueo = arqueo_caja.idarqueo_caja
INNER JOIN persona ON persona.idpersona = venta.fk_persona
INNER JOIN usuario ON usuario.idusuario = arqueo_caja.fk_usuario
WHERE arqueo_caja.fk_usuario = ? AND;', [...])
 5 APPPATH\Controllers\Reporte.php(48): App\Models\VentaModel->ajax_reporte([...])
 6 SYSTEMPATH\CodeIgniter.php(934): App\Controllers\Reporte->ajax_reporte()
 7 SYSTEMPATH\CodeIgniter.php(499): CodeIgniter\CodeIgniter->runController(Object(App\Controllers\Reporte))
 8 SYSTEMPATH\CodeIgniter.php(368): CodeIgniter\CodeIgniter->handleRequest(null, Object(Config\Cache), false)
 9 FCPATH\index.php(67): CodeIgniter\CodeIgniter->run()
INFO - 2023-06-16 09:11:24 --> Session: Class initialized using 'CodeIgniter\Session\Handlers\FileHandler' driver.
ERROR - 2023-06-16 09:11:24 --> mysqli_sql_exception: You have an error in your SQL syntax; check the manual that corresponds to your MariaDB server version for the right syntax to use near '' at line 6 in E:\xampp\htdocs\codeigniter\system\Database\MySQLi\Connection.php:295
Stack trace:
#0 E:\xampp\htdocs\codeigniter\system\Database\MySQLi\Connection.php(295): mysqli->query('SELECT `idventa...', 0)
#1 E:\xampp\htdocs\codeigniter\system\Database\BaseConnection.php(691): CodeIgniter\Database\MySQLi\Connection->execute('SELECT `idventa...')
#2 E:\xampp\htdocs\codeigniter\system\Database\BaseConnection.php(605): CodeIgniter\Database\BaseConnection->simpleQuery('SELECT `idventa...')
#3 E:\xampp\htdocs\codeigniter\app\Models\VentaModel.php(186): CodeIgniter\Database\BaseConnection->query('SELECT `idventa...', Array)
#4 E:\xampp\htdocs\codeigniter\app\Controllers\Reporte.php(48): App\Models\VentaModel->ajax_reporte(Array)
#5 E:\xampp\htdocs\codeigniter\system\CodeIgniter.php(934): App\Controllers\Reporte->ajax_reporte()
#6 E:\xampp\htdocs\codeigniter\system\CodeIgniter.php(499): CodeIgniter\CodeIgniter->runController(Object(App\Controllers\Reporte))
#7 E:\xampp\htdocs\codeigniter\system\CodeIgniter.php(368): CodeIgniter\CodeIgniter->handleRequest(NULL, Object(Config\Cache), false)
#8 E:\xampp\htdocs\codeigniter\index.php(67): CodeIgniter\CodeIgniter->run()
#9 {main}
CRITICAL - 2023-06-16 09:11:24 --> You have an error in your SQL syntax; check the manual that corresponds to your MariaDB server version for the right syntax to use near '' at line 6
in SYSTEMPATH\Database\MySQLi\Connection.php on line 295.
 1 SYSTEMPATH\Database\MySQLi\Connection.php(295): mysqli->query('SELECT `idventas`,arqueo_caja.idarqueo_caja, usuario.usuario AS vendedor, arqueo_caja.fk_usuario AS usuario, persona.nombre, venta.`created_at`, `total` 
FROM `venta` 
INNER JOIN arqueo_caja ON venta.fk_arqueo = arqueo_caja.idarqueo_caja
INNER JOIN persona ON persona.idpersona = venta.fk_persona
INNER JOIN usuario ON usuario.idusuario = arqueo_caja.fk_usuario
WHERE arqueo_caja.fk_usuario = \'true\' AND;', 0)
 2 SYSTEMPATH\Database\BaseConnection.php(691): CodeIgniter\Database\MySQLi\Connection->execute('SELECT `idventas`,arqueo_caja.idarqueo_caja, usuario.usuario AS vendedor, arqueo_caja.fk_usuario AS usuario, persona.nombre, venta.`created_at`, `total` 
FROM `venta` 
INNER JOIN arqueo_caja ON venta.fk_arqueo = arqueo_caja.idarqueo_caja
INNER JOIN persona ON persona.idpersona = venta.fk_persona
INNER JOIN usuario ON usuario.idusuario = arqueo_caja.fk_usuario
WHERE arqueo_caja.fk_usuario = \'true\' AND;')
 3 SYSTEMPATH\Database\BaseConnection.php(605): CodeIgniter\Database\BaseConnection->simpleQuery('SELECT `idventas`,arqueo_caja.idarqueo_caja, usuario.usuario AS vendedor, arqueo_caja.fk_usuario AS usuario, persona.nombre, venta.`created_at`, `total` 
FROM `venta` 
INNER JOIN arqueo_caja ON venta.fk_arqueo = arqueo_caja.idarqueo_caja
INNER JOIN persona ON persona.idpersona = venta.fk_persona
INNER JOIN usuario ON usuario.idusuario = arqueo_caja.fk_usuario
WHERE arqueo_caja.fk_usuario = \'true\' AND;')
 4 APPPATH\Models\VentaModel.php(186): CodeIgniter\Database\BaseConnection->query('SELECT `idventas`,arqueo_caja.idarqueo_caja, usuario.usuario AS vendedor, arqueo_caja.fk_usuario AS usuario, persona.nombre, venta.`created_at`, `total` 
FROM `venta` 
INNER JOIN arqueo_caja ON venta.fk_arqueo = arqueo_caja.idarqueo_caja
INNER JOIN persona ON persona.idpersona = venta.fk_persona
INNER JOIN usuario ON usuario.idusuario = arqueo_caja.fk_usuario
WHERE arqueo_caja.fk_usuario = ? AND;', [...])
 5 APPPATH\Controllers\Reporte.php(48): App\Models\VentaModel->ajax_reporte([...])
 6 SYSTEMPATH\CodeIgniter.php(934): App\Controllers\Reporte->ajax_reporte()
 7 SYSTEMPATH\CodeIgniter.php(499): CodeIgniter\CodeIgniter->runController(Object(App\Controllers\Reporte))
 8 SYSTEMPATH\CodeIgniter.php(368): CodeIgniter\CodeIgniter->handleRequest(null, Object(Config\Cache), false)
 9 FCPATH\index.php(67): CodeIgniter\CodeIgniter->run()
INFO - 2023-06-16 09:11:24 --> Session: Class initialized using 'CodeIgniter\Session\Handlers\FileHandler' driver.
ERROR - 2023-06-16 09:11:24 --> mysqli_sql_exception: You have an error in your SQL syntax; check the manual that corresponds to your MariaDB server version for the right syntax to use near '' at line 6 in E:\xampp\htdocs\codeigniter\system\Database\MySQLi\Connection.php:295
Stack trace:
#0 E:\xampp\htdocs\codeigniter\system\Database\MySQLi\Connection.php(295): mysqli->query('SELECT `idventa...', 0)
#1 E:\xampp\htdocs\codeigniter\system\Database\BaseConnection.php(691): CodeIgniter\Database\MySQLi\Connection->execute('SELECT `idventa...')
#2 E:\xampp\htdocs\codeigniter\system\Database\BaseConnection.php(605): CodeIgniter\Database\BaseConnection->simpleQuery('SELECT `idventa...')
#3 E:\xampp\htdocs\codeigniter\app\Models\VentaModel.php(186): CodeIgniter\Database\BaseConnection->query('SELECT `idventa...', Array)
#4 E:\xampp\htdocs\codeigniter\app\Controllers\Reporte.php(48): App\Models\VentaModel->ajax_reporte(Array)
#5 E:\xampp\htdocs\codeigniter\system\CodeIgniter.php(934): App\Controllers\Reporte->ajax_reporte()
#6 E:\xampp\htdocs\codeigniter\system\CodeIgniter.php(499): CodeIgniter\CodeIgniter->runController(Object(App\Controllers\Reporte))
#7 E:\xampp\htdocs\codeigniter\system\CodeIgniter.php(368): CodeIgniter\CodeIgniter->handleRequest(NULL, Object(Config\Cache), false)
#8 E:\xampp\htdocs\codeigniter\index.php(67): CodeIgniter\CodeIgniter->run()
#9 {main}
CRITICAL - 2023-06-16 09:11:24 --> You have an error in your SQL syntax; check the manual that corresponds to your MariaDB server version for the right syntax to use near '' at line 6
in SYSTEMPATH\Database\MySQLi\Connection.php on line 295.
 1 SYSTEMPATH\Database\MySQLi\Connection.php(295): mysqli->query('SELECT `idventas`,arqueo_caja.idarqueo_caja, usuario.usuario AS vendedor, arqueo_caja.fk_usuario AS usuario, persona.nombre, venta.`created_at`, `total` 
FROM `venta` 
INNER JOIN arqueo_caja ON venta.fk_arqueo = arqueo_caja.idarqueo_caja
INNER JOIN persona ON persona.idpersona = venta.fk_persona
INNER JOIN usuario ON usuario.idusuario = arqueo_caja.fk_usuario
WHERE arqueo_caja.fk_usuario = \'true\' AND;', 0)
 2 SYSTEMPATH\Database\BaseConnection.php(691): CodeIgniter\Database\MySQLi\Connection->execute('SELECT `idventas`,arqueo_caja.idarqueo_caja, usuario.usuario AS vendedor, arqueo_caja.fk_usuario AS usuario, persona.nombre, venta.`created_at`, `total` 
FROM `venta` 
INNER JOIN arqueo_caja ON venta.fk_arqueo = arqueo_caja.idarqueo_caja
INNER JOIN persona ON persona.idpersona = venta.fk_persona
INNER JOIN usuario ON usuario.idusuario = arqueo_caja.fk_usuario
WHERE arqueo_caja.fk_usuario = \'true\' AND;')
 3 SYSTEMPATH\Database\BaseConnection.php(605): CodeIgniter\Database\BaseConnection->simpleQuery('SELECT `idventas`,arqueo_caja.idarqueo_caja, usuario.usuario AS vendedor, arqueo_caja.fk_usuario AS usuario, persona.nombre, venta.`created_at`, `total` 
FROM `venta` 
INNER JOIN arqueo_caja ON venta.fk_arqueo = arqueo_caja.idarqueo_caja
INNER JOIN persona ON persona.idpersona = venta.fk_persona
INNER JOIN usuario ON usuario.idusuario = arqueo_caja.fk_usuario
WHERE arqueo_caja.fk_usuario = \'true\' AND;')
 4 APPPATH\Models\VentaModel.php(186): CodeIgniter\Database\BaseConnection->query('SELECT `idventas`,arqueo_caja.idarqueo_caja, usuario.usuario AS vendedor, arqueo_caja.fk_usuario AS usuario, persona.nombre, venta.`created_at`, `total` 
FROM `venta` 
INNER JOIN arqueo_caja ON venta.fk_arqueo = arqueo_caja.idarqueo_caja
INNER JOIN persona ON persona.idpersona = venta.fk_persona
INNER JOIN usuario ON usuario.idusuario = arqueo_caja.fk_usuario
WHERE arqueo_caja.fk_usuario = ? AND;', [...])
 5 APPPATH\Controllers\Reporte.php(48): App\Models\VentaModel->ajax_reporte([...])
 6 SYSTEMPATH\CodeIgniter.php(934): App\Controllers\Reporte->ajax_reporte()
 7 SYSTEMPATH\CodeIgniter.php(499): CodeIgniter\CodeIgniter->runController(Object(App\Controllers\Reporte))
 8 SYSTEMPATH\CodeIgniter.php(368): CodeIgniter\CodeIgniter->handleRequest(null, Object(Config\Cache), false)
 9 FCPATH\index.php(67): CodeIgniter\CodeIgniter->run()
INFO - 2023-06-16 09:11:25 --> Session: Class initialized using 'CodeIgniter\Session\Handlers\FileHandler' driver.
ERROR - 2023-06-16 09:11:25 --> mysqli_sql_exception: You have an error in your SQL syntax; check the manual that corresponds to your MariaDB server version for the right syntax to use near '' at line 6 in E:\xampp\htdocs\codeigniter\system\Database\MySQLi\Connection.php:295
Stack trace:
#0 E:\xampp\htdocs\codeigniter\system\Database\MySQLi\Connection.php(295): mysqli->query('SELECT `idventa...', 0)
#1 E:\xampp\htdocs\codeigniter\system\Database\BaseConnection.php(691): CodeIgniter\Database\MySQLi\Connection->execute('SELECT `idventa...')
#2 E:\xampp\htdocs\codeigniter\system\Database\BaseConnection.php(605): CodeIgniter\Database\BaseConnection->simpleQuery('SELECT `idventa...')
#3 E:\xampp\htdocs\codeigniter\app\Models\VentaModel.php(186): CodeIgniter\Database\BaseConnection->query('SELECT `idventa...', Array)
#4 E:\xampp\htdocs\codeigniter\app\Controllers\Reporte.php(48): App\Models\VentaModel->ajax_reporte(Array)
#5 E:\xampp\htdocs\codeigniter\system\CodeIgniter.php(934): App\Controllers\Reporte->ajax_reporte()
#6 E:\xampp\htdocs\codeigniter\system\CodeIgniter.php(499): CodeIgniter\CodeIgniter->runController(Object(App\Controllers\Reporte))
#7 E:\xampp\htdocs\codeigniter\system\CodeIgniter.php(368): CodeIgniter\CodeIgniter->handleRequest(NULL, Object(Config\Cache), false)
#8 E:\xampp\htdocs\codeigniter\index.php(67): CodeIgniter\CodeIgniter->run()
#9 {main}
CRITICAL - 2023-06-16 09:11:25 --> You have an error in your SQL syntax; check the manual that corresponds to your MariaDB server version for the right syntax to use near '' at line 6
in SYSTEMPATH\Database\MySQLi\Connection.php on line 295.
 1 SYSTEMPATH\Database\MySQLi\Connection.php(295): mysqli->query('SELECT `idventas`,arqueo_caja.idarqueo_caja, usuario.usuario AS vendedor, arqueo_caja.fk_usuario AS usuario, persona.nombre, venta.`created_at`, `total` 
FROM `venta` 
INNER JOIN arqueo_caja ON venta.fk_arqueo = arqueo_caja.idarqueo_caja
INNER JOIN persona ON persona.idpersona = venta.fk_persona
INNER JOIN usuario ON usuario.idusuario = arqueo_caja.fk_usuario
WHERE arqueo_caja.fk_usuario = \'true\' AND;', 0)
 2 SYSTEMPATH\Database\BaseConnection.php(691): CodeIgniter\Database\MySQLi\Connection->execute('SELECT `idventas`,arqueo_caja.idarqueo_caja, usuario.usuario AS vendedor, arqueo_caja.fk_usuario AS usuario, persona.nombre, venta.`created_at`, `total` 
FROM `venta` 
INNER JOIN arqueo_caja ON venta.fk_arqueo = arqueo_caja.idarqueo_caja
INNER JOIN persona ON persona.idpersona = venta.fk_persona
INNER JOIN usuario ON usuario.idusuario = arqueo_caja.fk_usuario
WHERE arqueo_caja.fk_usuario = \'true\' AND;')
 3 SYSTEMPATH\Database\BaseConnection.php(605): CodeIgniter\Database\BaseConnection->simpleQuery('SELECT `idventas`,arqueo_caja.idarqueo_caja, usuario.usuario AS vendedor, arqueo_caja.fk_usuario AS usuario, persona.nombre, venta.`created_at`, `total` 
FROM `venta` 
INNER JOIN arqueo_caja ON venta.fk_arqueo = arqueo_caja.idarqueo_caja
INNER JOIN persona ON persona.idpersona = venta.fk_persona
INNER JOIN usuario ON usuario.idusuario = arqueo_caja.fk_usuario
WHERE arqueo_caja.fk_usuario = \'true\' AND;')
 4 APPPATH\Models\VentaModel.php(186): CodeIgniter\Database\BaseConnection->query('SELECT `idventas`,arqueo_caja.idarqueo_caja, usuario.usuario AS vendedor, arqueo_caja.fk_usuario AS usuario, persona.nombre, venta.`created_at`, `total` 
FROM `venta` 
INNER JOIN arqueo_caja ON venta.fk_arqueo = arqueo_caja.idarqueo_caja
INNER JOIN persona ON persona.idpersona = venta.fk_persona
INNER JOIN usuario ON usuario.idusuario = arqueo_caja.fk_usuario
WHERE arqueo_caja.fk_usuario = ? AND;', [...])
 5 APPPATH\Controllers\Reporte.php(48): App\Models\VentaModel->ajax_reporte([...])
 6 SYSTEMPATH\CodeIgniter.php(934): App\Controllers\Reporte->ajax_reporte()
 7 SYSTEMPATH\CodeIgniter.php(499): CodeIgniter\CodeIgniter->runController(Object(App\Controllers\Reporte))
 8 SYSTEMPATH\CodeIgniter.php(368): CodeIgniter\CodeIgniter->handleRequest(null, Object(Config\Cache), false)
 9 FCPATH\index.php(67): CodeIgniter\CodeIgniter->run()
INFO - 2023-06-16 09:11:25 --> Session: Class initialized using 'CodeIgniter\Session\Handlers\FileHandler' driver.
ERROR - 2023-06-16 09:11:25 --> mysqli_sql_exception: You have an error in your SQL syntax; check the manual that corresponds to your MariaDB server version for the right syntax to use near '' at line 6 in E:\xampp\htdocs\codeigniter\system\Database\MySQLi\Connection.php:295
Stack trace:
#0 E:\xampp\htdocs\codeigniter\system\Database\MySQLi\Connection.php(295): mysqli->query('SELECT `idventa...', 0)
#1 E:\xampp\htdocs\codeigniter\system\Database\BaseConnection.php(691): CodeIgniter\Database\MySQLi\Connection->execute('SELECT `idventa...')
#2 E:\xampp\htdocs\codeigniter\system\Database\BaseConnection.php(605): CodeIgniter\Database\BaseConnection->simpleQuery('SELECT `idventa...')
#3 E:\xampp\htdocs\codeigniter\app\Models\VentaModel.php(186): CodeIgniter\Database\BaseConnection->query('SELECT `idventa...', Array)
#4 E:\xampp\htdocs\codeigniter\app\Controllers\Reporte.php(48): App\Models\VentaModel->ajax_reporte(Array)
#5 E:\xampp\htdocs\codeigniter\system\CodeIgniter.php(934): App\Controllers\Reporte->ajax_reporte()
#6 E:\xampp\htdocs\codeigniter\system\CodeIgniter.php(499): CodeIgniter\CodeIgniter->runController(Object(App\Controllers\Reporte))
#7 E:\xampp\htdocs\codeigniter\system\CodeIgniter.php(368): CodeIgniter\CodeIgniter->handleRequest(NULL, Object(Config\Cache), false)
#8 E:\xampp\htdocs\codeigniter\index.php(67): CodeIgniter\CodeIgniter->run()
#9 {main}
CRITICAL - 2023-06-16 09:11:25 --> You have an error in your SQL syntax; check the manual that corresponds to your MariaDB server version for the right syntax to use near '' at line 6
in SYSTEMPATH\Database\MySQLi\Connection.php on line 295.
 1 SYSTEMPATH\Database\MySQLi\Connection.php(295): mysqli->query('SELECT `idventas`,arqueo_caja.idarqueo_caja, usuario.usuario AS vendedor, arqueo_caja.fk_usuario AS usuario, persona.nombre, venta.`created_at`, `total` 
FROM `venta` 
INNER JOIN arqueo_caja ON venta.fk_arqueo = arqueo_caja.idarqueo_caja
INNER JOIN persona ON persona.idpersona = venta.fk_persona
INNER JOIN usuario ON usuario.idusuario = arqueo_caja.fk_usuario
WHERE arqueo_caja.fk_usuario = \'true\' AND;', 0)
 2 SYSTEMPATH\Database\BaseConnection.php(691): CodeIgniter\Database\MySQLi\Connection->execute('SELECT `idventas`,arqueo_caja.idarqueo_caja, usuario.usuario AS vendedor, arqueo_caja.fk_usuario AS usuario, persona.nombre, venta.`created_at`, `total` 
FROM `venta` 
INNER JOIN arqueo_caja ON venta.fk_arqueo = arqueo_caja.idarqueo_caja
INNER JOIN persona ON persona.idpersona = venta.fk_persona
INNER JOIN usuario ON usuario.idusuario = arqueo_caja.fk_usuario
WHERE arqueo_caja.fk_usuario = \'true\' AND;')
 3 SYSTEMPATH\Database\BaseConnection.php(605): CodeIgniter\Database\BaseConnection->simpleQuery('SELECT `idventas`,arqueo_caja.idarqueo_caja, usuario.usuario AS vendedor, arqueo_caja.fk_usuario AS usuario, persona.nombre, venta.`created_at`, `total` 
FROM `venta` 
INNER JOIN arqueo_caja ON venta.fk_arqueo = arqueo_caja.idarqueo_caja
INNER JOIN persona ON persona.idpersona = venta.fk_persona
INNER JOIN usuario ON usuario.idusuario = arqueo_caja.fk_usuario
WHERE arqueo_caja.fk_usuario = \'true\' AND;')
 4 APPPATH\Models\VentaModel.php(186): CodeIgniter\Database\BaseConnection->query('SELECT `idventas`,arqueo_caja.idarqueo_caja, usuario.usuario AS vendedor, arqueo_caja.fk_usuario AS usuario, persona.nombre, venta.`created_at`, `total` 
FROM `venta` 
INNER JOIN arqueo_caja ON venta.fk_arqueo = arqueo_caja.idarqueo_caja
INNER JOIN persona ON persona.idpersona = venta.fk_persona
INNER JOIN usuario ON usuario.idusuario = arqueo_caja.fk_usuario
WHERE arqueo_caja.fk_usuario = ? AND;', [...])
 5 APPPATH\Controllers\Reporte.php(48): App\Models\VentaModel->ajax_reporte([...])
 6 SYSTEMPATH\CodeIgniter.php(934): App\Controllers\Reporte->ajax_reporte()
 7 SYSTEMPATH\CodeIgniter.php(499): CodeIgniter\CodeIgniter->runController(Object(App\Controllers\Reporte))
 8 SYSTEMPATH\CodeIgniter.php(368): CodeIgniter\CodeIgniter->handleRequest(null, Object(Config\Cache), false)
 9 FCPATH\index.php(67): CodeIgniter\CodeIgniter->run()
INFO - 2023-06-16 09:11:25 --> Session: Class initialized using 'CodeIgniter\Session\Handlers\FileHandler' driver.
ERROR - 2023-06-16 09:11:25 --> mysqli_sql_exception: You have an error in your SQL syntax; check the manual that corresponds to your MariaDB server version for the right syntax to use near '' at line 6 in E:\xampp\htdocs\codeigniter\system\Database\MySQLi\Connection.php:295
Stack trace:
#0 E:\xampp\htdocs\codeigniter\system\Database\MySQLi\Connection.php(295): mysqli->query('SELECT `idventa...', 0)
#1 E:\xampp\htdocs\codeigniter\system\Database\BaseConnection.php(691): CodeIgniter\Database\MySQLi\Connection->execute('SELECT `idventa...')
#2 E:\xampp\htdocs\codeigniter\system\Database\BaseConnection.php(605): CodeIgniter\Database\BaseConnection->simpleQuery('SELECT `idventa...')
#3 E:\xampp\htdocs\codeigniter\app\Models\VentaModel.php(186): CodeIgniter\Database\BaseConnection->query('SELECT `idventa...', Array)
#4 E:\xampp\htdocs\codeigniter\app\Controllers\Reporte.php(48): App\Models\VentaModel->ajax_reporte(Array)
#5 E:\xampp\htdocs\codeigniter\system\CodeIgniter.php(934): App\Controllers\Reporte->ajax_reporte()
#6 E:\xampp\htdocs\codeigniter\system\CodeIgniter.php(499): CodeIgniter\CodeIgniter->runController(Object(App\Controllers\Reporte))
#7 E:\xampp\htdocs\codeigniter\system\CodeIgniter.php(368): CodeIgniter\CodeIgniter->handleRequest(NULL, Object(Config\Cache), false)
#8 E:\xampp\htdocs\codeigniter\index.php(67): CodeIgniter\CodeIgniter->run()
#9 {main}
CRITICAL - 2023-06-16 09:11:25 --> You have an error in your SQL syntax; check the manual that corresponds to your MariaDB server version for the right syntax to use near '' at line 6
in SYSTEMPATH\Database\MySQLi\Connection.php on line 295.
 1 SYSTEMPATH\Database\MySQLi\Connection.php(295): mysqli->query('SELECT `idventas`,arqueo_caja.idarqueo_caja, usuario.usuario AS vendedor, arqueo_caja.fk_usuario AS usuario, persona.nombre, venta.`created_at`, `total` 
FROM `venta` 
INNER JOIN arqueo_caja ON venta.fk_arqueo = arqueo_caja.idarqueo_caja
INNER JOIN persona ON persona.idpersona = venta.fk_persona
INNER JOIN usuario ON usuario.idusuario = arqueo_caja.fk_usuario
WHERE arqueo_caja.fk_usuario = \'true\' AND;', 0)
 2 SYSTEMPATH\Database\BaseConnection.php(691): CodeIgniter\Database\MySQLi\Connection->execute('SELECT `idventas`,arqueo_caja.idarqueo_caja, usuario.usuario AS vendedor, arqueo_caja.fk_usuario AS usuario, persona.nombre, venta.`created_at`, `total` 
FROM `venta` 
INNER JOIN arqueo_caja ON venta.fk_arqueo = arqueo_caja.idarqueo_caja
INNER JOIN persona ON persona.idpersona = venta.fk_persona
INNER JOIN usuario ON usuario.idusuario = arqueo_caja.fk_usuario
WHERE arqueo_caja.fk_usuario = \'true\' AND;')
 3 SYSTEMPATH\Database\BaseConnection.php(605): CodeIgniter\Database\BaseConnection->simpleQuery('SELECT `idventas`,arqueo_caja.idarqueo_caja, usuario.usuario AS vendedor, arqueo_caja.fk_usuario AS usuario, persona.nombre, venta.`created_at`, `total` 
FROM `venta` 
INNER JOIN arqueo_caja ON venta.fk_arqueo = arqueo_caja.idarqueo_caja
INNER JOIN persona ON persona.idpersona = venta.fk_persona
INNER JOIN usuario ON usuario.idusuario = arqueo_caja.fk_usuario
WHERE arqueo_caja.fk_usuario = \'true\' AND;')
 4 APPPATH\Models\VentaModel.php(186): CodeIgniter\Database\BaseConnection->query('SELECT `idventas`,arqueo_caja.idarqueo_caja, usuario.usuario AS vendedor, arqueo_caja.fk_usuario AS usuario, persona.nombre, venta.`created_at`, `total` 
FROM `venta` 
INNER JOIN arqueo_caja ON venta.fk_arqueo = arqueo_caja.idarqueo_caja
INNER JOIN persona ON persona.idpersona = venta.fk_persona
INNER JOIN usuario ON usuario.idusuario = arqueo_caja.fk_usuario
WHERE arqueo_caja.fk_usuario = ? AND;', [...])
 5 APPPATH\Controllers\Reporte.php(48): App\Models\VentaModel->ajax_reporte([...])
 6 SYSTEMPATH\CodeIgniter.php(934): App\Controllers\Reporte->ajax_reporte()
 7 SYSTEMPATH\CodeIgniter.php(499): CodeIgniter\CodeIgniter->runController(Object(App\Controllers\Reporte))
 8 SYSTEMPATH\CodeIgniter.php(368): CodeIgniter\CodeIgniter->handleRequest(null, Object(Config\Cache), false)
 9 FCPATH\index.php(67): CodeIgniter\CodeIgniter->run()
INFO - 2023-06-16 09:11:25 --> Session: Class initialized using 'CodeIgniter\Session\Handlers\FileHandler' driver.
ERROR - 2023-06-16 09:11:25 --> mysqli_sql_exception: You have an error in your SQL syntax; check the manual that corresponds to your MariaDB server version for the right syntax to use near '' at line 6 in E:\xampp\htdocs\codeigniter\system\Database\MySQLi\Connection.php:295
Stack trace:
#0 E:\xampp\htdocs\codeigniter\system\Database\MySQLi\Connection.php(295): mysqli->query('SELECT `idventa...', 0)
#1 E:\xampp\htdocs\codeigniter\system\Database\BaseConnection.php(691): CodeIgniter\Database\MySQLi\Connection->execute('SELECT `idventa...')
#2 E:\xampp\htdocs\codeigniter\system\Database\BaseConnection.php(605): CodeIgniter\Database\BaseConnection->simpleQuery('SELECT `idventa...')
#3 E:\xampp\htdocs\codeigniter\app\Models\VentaModel.php(186): CodeIgniter\Database\BaseConnection->query('SELECT `idventa...', Array)
#4 E:\xampp\htdocs\codeigniter\app\Controllers\Reporte.php(48): App\Models\VentaModel->ajax_reporte(Array)
#5 E:\xampp\htdocs\codeigniter\system\CodeIgniter.php(934): App\Controllers\Reporte->ajax_reporte()
#6 E:\xampp\htdocs\codeigniter\system\CodeIgniter.php(499): CodeIgniter\CodeIgniter->runController(Object(App\Controllers\Reporte))
#7 E:\xampp\htdocs\codeigniter\system\CodeIgniter.php(368): CodeIgniter\CodeIgniter->handleRequest(NULL, Object(Config\Cache), false)
#8 E:\xampp\htdocs\codeigniter\index.php(67): CodeIgniter\CodeIgniter->run()
#9 {main}
CRITICAL - 2023-06-16 09:11:25 --> You have an error in your SQL syntax; check the manual that corresponds to your MariaDB server version for the right syntax to use near '' at line 6
in SYSTEMPATH\Database\MySQLi\Connection.php on line 295.
 1 SYSTEMPATH\Database\MySQLi\Connection.php(295): mysqli->query('SELECT `idventas`,arqueo_caja.idarqueo_caja, usuario.usuario AS vendedor, arqueo_caja.fk_usuario AS usuario, persona.nombre, venta.`created_at`, `total` 
FROM `venta` 
INNER JOIN arqueo_caja ON venta.fk_arqueo = arqueo_caja.idarqueo_caja
INNER JOIN persona ON persona.idpersona = venta.fk_persona
INNER JOIN usuario ON usuario.idusuario = arqueo_caja.fk_usuario
WHERE arqueo_caja.fk_usuario = \'true\' AND;', 0)
 2 SYSTEMPATH\Database\BaseConnection.php(691): CodeIgniter\Database\MySQLi\Connection->execute('SELECT `idventas`,arqueo_caja.idarqueo_caja, usuario.usuario AS vendedor, arqueo_caja.fk_usuario AS usuario, persona.nombre, venta.`created_at`, `total` 
FROM `venta` 
INNER JOIN arqueo_caja ON venta.fk_arqueo = arqueo_caja.idarqueo_caja
INNER JOIN persona ON persona.idpersona = venta.fk_persona
INNER JOIN usuario ON usuario.idusuario = arqueo_caja.fk_usuario
WHERE arqueo_caja.fk_usuario = \'true\' AND;')
 3 SYSTEMPATH\Database\BaseConnection.php(605): CodeIgniter\Database\BaseConnection->simpleQuery('SELECT `idventas`,arqueo_caja.idarqueo_caja, usuario.usuario AS vendedor, arqueo_caja.fk_usuario AS usuario, persona.nombre, venta.`created_at`, `total` 
FROM `venta` 
INNER JOIN arqueo_caja ON venta.fk_arqueo = arqueo_caja.idarqueo_caja
INNER JOIN persona ON persona.idpersona = venta.fk_persona
INNER JOIN usuario ON usuario.idusuario = arqueo_caja.fk_usuario
WHERE arqueo_caja.fk_usuario = \'true\' AND;')
 4 APPPATH\Models\VentaModel.php(186): CodeIgniter\Database\BaseConnection->query('SELECT `idventas`,arqueo_caja.idarqueo_caja, usuario.usuario AS vendedor, arqueo_caja.fk_usuario AS usuario, persona.nombre, venta.`created_at`, `total` 
FROM `venta` 
INNER JOIN arqueo_caja ON venta.fk_arqueo = arqueo_caja.idarqueo_caja
INNER JOIN persona ON persona.idpersona = venta.fk_persona
INNER JOIN usuario ON usuario.idusuario = arqueo_caja.fk_usuario
WHERE arqueo_caja.fk_usuario = ? AND;', [...])
 5 APPPATH\Controllers\Reporte.php(48): App\Models\VentaModel->ajax_reporte([...])
 6 SYSTEMPATH\CodeIgniter.php(934): App\Controllers\Reporte->ajax_reporte()
 7 SYSTEMPATH\CodeIgniter.php(499): CodeIgniter\CodeIgniter->runController(Object(App\Controllers\Reporte))
 8 SYSTEMPATH\CodeIgniter.php(368): CodeIgniter\CodeIgniter->handleRequest(null, Object(Config\Cache), false)
 9 FCPATH\index.php(67): CodeIgniter\CodeIgniter->run()
INFO - 2023-06-16 09:11:25 --> Session: Class initialized using 'CodeIgniter\Session\Handlers\FileHandler' driver.
ERROR - 2023-06-16 09:11:25 --> mysqli_sql_exception: You have an error in your SQL syntax; check the manual that corresponds to your MariaDB server version for the right syntax to use near '' at line 6 in E:\xampp\htdocs\codeigniter\system\Database\MySQLi\Connection.php:295
Stack trace:
#0 E:\xampp\htdocs\codeigniter\system\Database\MySQLi\Connection.php(295): mysqli->query('SELECT `idventa...', 0)
#1 E:\xampp\htdocs\codeigniter\system\Database\BaseConnection.php(691): CodeIgniter\Database\MySQLi\Connection->execute('SELECT `idventa...')
#2 E:\xampp\htdocs\codeigniter\system\Database\BaseConnection.php(605): CodeIgniter\Database\BaseConnection->simpleQuery('SELECT `idventa...')
#3 E:\xampp\htdocs\codeigniter\app\Models\VentaModel.php(186): CodeIgniter\Database\BaseConnection->query('SELECT `idventa...', Array)
#4 E:\xampp\htdocs\codeigniter\app\Controllers\Reporte.php(48): App\Models\VentaModel->ajax_reporte(Array)
#5 E:\xampp\htdocs\codeigniter\system\CodeIgniter.php(934): App\Controllers\Reporte->ajax_reporte()
#6 E:\xampp\htdocs\codeigniter\system\CodeIgniter.php(499): CodeIgniter\CodeIgniter->runController(Object(App\Controllers\Reporte))
#7 E:\xampp\htdocs\codeigniter\system\CodeIgniter.php(368): CodeIgniter\CodeIgniter->handleRequest(NULL, Object(Config\Cache), false)
#8 E:\xampp\htdocs\codeigniter\index.php(67): CodeIgniter\CodeIgniter->run()
#9 {main}
CRITICAL - 2023-06-16 09:11:25 --> You have an error in your SQL syntax; check the manual that corresponds to your MariaDB server version for the right syntax to use near '' at line 6
in SYSTEMPATH\Database\MySQLi\Connection.php on line 295.
 1 SYSTEMPATH\Database\MySQLi\Connection.php(295): mysqli->query('SELECT `idventas`,arqueo_caja.idarqueo_caja, usuario.usuario AS vendedor, arqueo_caja.fk_usuario AS usuario, persona.nombre, venta.`created_at`, `total` 
FROM `venta` 
INNER JOIN arqueo_caja ON venta.fk_arqueo = arqueo_caja.idarqueo_caja
INNER JOIN persona ON persona.idpersona = venta.fk_persona
INNER JOIN usuario ON usuario.idusuario = arqueo_caja.fk_usuario
WHERE arqueo_caja.fk_usuario = \'true\' AND;', 0)
 2 SYSTEMPATH\Database\BaseConnection.php(691): CodeIgniter\Database\MySQLi\Connection->execute('SELECT `idventas`,arqueo_caja.idarqueo_caja, usuario.usuario AS vendedor, arqueo_caja.fk_usuario AS usuario, persona.nombre, venta.`created_at`, `total` 
FROM `venta` 
INNER JOIN arqueo_caja ON venta.fk_arqueo = arqueo_caja.idarqueo_caja
INNER JOIN persona ON persona.idpersona = venta.fk_persona
INNER JOIN usuario ON usuario.idusuario = arqueo_caja.fk_usuario
WHERE arqueo_caja.fk_usuario = \'true\' AND;')
 3 SYSTEMPATH\Database\BaseConnection.php(605): CodeIgniter\Database\BaseConnection->simpleQuery('SELECT `idventas`,arqueo_caja.idarqueo_caja, usuario.usuario AS vendedor, arqueo_caja.fk_usuario AS usuario, persona.nombre, venta.`created_at`, `total` 
FROM `venta` 
INNER JOIN arqueo_caja ON venta.fk_arqueo = arqueo_caja.idarqueo_caja
INNER JOIN persona ON persona.idpersona = venta.fk_persona
INNER JOIN usuario ON usuario.idusuario = arqueo_caja.fk_usuario
WHERE arqueo_caja.fk_usuario = \'true\' AND;')
 4 APPPATH\Models\VentaModel.php(186): CodeIgniter\Database\BaseConnection->query('SELECT `idventas`,arqueo_caja.idarqueo_caja, usuario.usuario AS vendedor, arqueo_caja.fk_usuario AS usuario, persona.nombre, venta.`created_at`, `total` 
FROM `venta` 
INNER JOIN arqueo_caja ON venta.fk_arqueo = arqueo_caja.idarqueo_caja
INNER JOIN persona ON persona.idpersona = venta.fk_persona
INNER JOIN usuario ON usuario.idusuario = arqueo_caja.fk_usuario
WHERE arqueo_caja.fk_usuario = ? AND;', [...])
 5 APPPATH\Controllers\Reporte.php(48): App\Models\VentaModel->ajax_reporte([...])
 6 SYSTEMPATH\CodeIgniter.php(934): App\Controllers\Reporte->ajax_reporte()
 7 SYSTEMPATH\CodeIgniter.php(499): CodeIgniter\CodeIgniter->runController(Object(App\Controllers\Reporte))
 8 SYSTEMPATH\CodeIgniter.php(368): CodeIgniter\CodeIgniter->handleRequest(null, Object(Config\Cache), false)
 9 FCPATH\index.php(67): CodeIgniter\CodeIgniter->run()
INFO - 2023-06-16 09:12:10 --> Session: Class initialized using 'CodeIgniter\Session\Handlers\FileHandler' driver.
ERROR - 2023-06-16 09:12:10 --> mysqli_sql_exception: You have an error in your SQL syntax; check the manual that corresponds to your MariaDB server version for the right syntax to use near '' at line 6 in E:\xampp\htdocs\codeigniter\system\Database\MySQLi\Connection.php:295
Stack trace:
#0 E:\xampp\htdocs\codeigniter\system\Database\MySQLi\Connection.php(295): mysqli->query('SELECT `idventa...', 0)
#1 E:\xampp\htdocs\codeigniter\system\Database\BaseConnection.php(691): CodeIgniter\Database\MySQLi\Connection->execute('SELECT `idventa...')
#2 E:\xampp\htdocs\codeigniter\system\Database\BaseConnection.php(605): CodeIgniter\Database\BaseConnection->simpleQuery('SELECT `idventa...')
#3 E:\xampp\htdocs\codeigniter\app\Models\VentaModel.php(186): CodeIgniter\Database\BaseConnection->query('SELECT `idventa...', Array)
#4 E:\xampp\htdocs\codeigniter\app\Controllers\Reporte.php(48): App\Models\VentaModel->ajax_reporte(Array)
#5 E:\xampp\htdocs\codeigniter\system\CodeIgniter.php(934): App\Controllers\Reporte->ajax_reporte()
#6 E:\xampp\htdocs\codeigniter\system\CodeIgniter.php(499): CodeIgniter\CodeIgniter->runController(Object(App\Controllers\Reporte))
#7 E:\xampp\htdocs\codeigniter\system\CodeIgniter.php(368): CodeIgniter\CodeIgniter->handleRequest(NULL, Object(Config\Cache), false)
#8 E:\xampp\htdocs\codeigniter\index.php(67): CodeIgniter\CodeIgniter->run()
#9 {main}
CRITICAL - 2023-06-16 09:12:10 --> You have an error in your SQL syntax; check the manual that corresponds to your MariaDB server version for the right syntax to use near '' at line 6
in SYSTEMPATH\Database\MySQLi\Connection.php on line 295.
 1 SYSTEMPATH\Database\MySQLi\Connection.php(295): mysqli->query('SELECT `idventas`,arqueo_caja.idarqueo_caja, usuario.usuario AS vendedor, arqueo_caja.fk_usuario AS usuario, persona.nombre, venta.`created_at`, `total` 
FROM `venta` 
INNER JOIN arqueo_caja ON venta.fk_arqueo = arqueo_caja.idarqueo_caja
INNER JOIN persona ON persona.idpersona = venta.fk_persona
INNER JOIN usuario ON usuario.idusuario = arqueo_caja.fk_usuario
WHERE arqueo_caja.fk_usuario = \'true\' AND;', 0)
 2 SYSTEMPATH\Database\BaseConnection.php(691): CodeIgniter\Database\MySQLi\Connection->execute('SELECT `idventas`,arqueo_caja.idarqueo_caja, usuario.usuario AS vendedor, arqueo_caja.fk_usuario AS usuario, persona.nombre, venta.`created_at`, `total` 
FROM `venta` 
INNER JOIN arqueo_caja ON venta.fk_arqueo = arqueo_caja.idarqueo_caja
INNER JOIN persona ON persona.idpersona = venta.fk_persona
INNER JOIN usuario ON usuario.idusuario = arqueo_caja.fk_usuario
WHERE arqueo_caja.fk_usuario = \'true\' AND;')
 3 SYSTEMPATH\Database\BaseConnection.php(605): CodeIgniter\Database\BaseConnection->simpleQuery('SELECT `idventas`,arqueo_caja.idarqueo_caja, usuario.usuario AS vendedor, arqueo_caja.fk_usuario AS usuario, persona.nombre, venta.`created_at`, `total` 
FROM `venta` 
INNER JOIN arqueo_caja ON venta.fk_arqueo = arqueo_caja.idarqueo_caja
INNER JOIN persona ON persona.idpersona = venta.fk_persona
INNER JOIN usuario ON usuario.idusuario = arqueo_caja.fk_usuario
WHERE arqueo_caja.fk_usuario = \'true\' AND;')
 4 APPPATH\Models\VentaModel.php(186): CodeIgniter\Database\BaseConnection->query('SELECT `idventas`,arqueo_caja.idarqueo_caja, usuario.usuario AS vendedor, arqueo_caja.fk_usuario AS usuario, persona.nombre, venta.`created_at`, `total` 
FROM `venta` 
INNER JOIN arqueo_caja ON venta.fk_arqueo = arqueo_caja.idarqueo_caja
INNER JOIN persona ON persona.idpersona = venta.fk_persona
INNER JOIN usuario ON usuario.idusuario = arqueo_caja.fk_usuario
WHERE arqueo_caja.fk_usuario = ? AND;', [...])
 5 APPPATH\Controllers\Reporte.php(48): App\Models\VentaModel->ajax_reporte([...])
 6 SYSTEMPATH\CodeIgniter.php(934): App\Controllers\Reporte->ajax_reporte()
 7 SYSTEMPATH\CodeIgniter.php(499): CodeIgniter\CodeIgniter->runController(Object(App\Controllers\Reporte))
 8 SYSTEMPATH\CodeIgniter.php(368): CodeIgniter\CodeIgniter->handleRequest(null, Object(Config\Cache), false)
 9 FCPATH\index.php(67): CodeIgniter\CodeIgniter->run()
INFO - 2023-06-16 09:12:35 --> Session: Class initialized using 'CodeIgniter\Session\Handlers\FileHandler' driver.
INFO - 2023-06-16 09:13:56 --> Session: Class initialized using 'CodeIgniter\Session\Handlers\FileHandler' driver.
INFO - 2023-06-16 09:14:30 --> Session: Class initialized using 'CodeIgniter\Session\Handlers\FileHandler' driver.
INFO - 2023-06-16 09:14:32 --> Session: Class initialized using 'CodeIgniter\Session\Handlers\FileHandler' driver.
INFO - 2023-06-16 09:14:34 --> Session: Class initialized using 'CodeIgniter\Session\Handlers\FileHandler' driver.
INFO - 2023-06-16 09:14:37 --> Session: Class initialized using 'CodeIgniter\Session\Handlers\FileHandler' driver.
INFO - 2023-06-16 09:14:38 --> Session: Class initialized using 'CodeIgniter\Session\Handlers\FileHandler' driver.
INFO - 2023-06-16 09:14:38 --> Session: Class initialized using 'CodeIgniter\Session\Handlers\FileHandler' driver.
INFO - 2023-06-16 09:14:39 --> Session: Class initialized using 'CodeIgniter\Session\Handlers\FileHandler' driver.
INFO - 2023-06-16 09:14:39 --> Session: Class initialized using 'CodeIgniter\Session\Handlers\FileHandler' driver.
INFO - 2023-06-16 09:15:14 --> Session: Class initialized using 'CodeIgniter\Session\Handlers\FileHandler' driver.
INFO - 2023-06-16 09:15:28 --> Session: Class initialized using 'CodeIgniter\Session\Handlers\FileHandler' driver.
INFO - 2023-06-16 09:16:10 --> Session: Class initialized using 'CodeIgniter\Session\Handlers\FileHandler' driver.
INFO - 2023-06-16 09:18:42 --> Session: Class initialized using 'CodeIgniter\Session\Handlers\FileHandler' driver.
INFO - 2023-06-16 09:34:53 --> Session: Class initialized using 'CodeIgniter\Session\Handlers\FileHandler' driver.
INFO - 2023-06-16 09:35:00 --> Session: Class initialized using 'CodeIgniter\Session\Handlers\FileHandler' driver.
INFO - 2023-06-16 09:35:01 --> Session: Class initialized using 'CodeIgniter\Session\Handlers\FileHandler' driver.
INFO - 2023-06-16 09:35:02 --> Session: Class initialized using 'CodeIgniter\Session\Handlers\FileHandler' driver.
INFO - 2023-06-16 09:35:06 --> Session: Class initialized using 'CodeIgniter\Session\Handlers\FileHandler' driver.
INFO - 2023-06-16 09:35:07 --> Session: Class initialized using 'CodeIgniter\Session\Handlers\FileHandler' driver.
INFO - 2023-06-16 09:35:11 --> Session: Class initialized using 'CodeIgniter\Session\Handlers\FileHandler' driver.
INFO - 2023-06-16 09:35:29 --> Session: Class initialized using 'CodeIgniter\Session\Handlers\FileHandler' driver.
INFO - 2023-06-16 09:35:36 --> Session: Class initialized using 'CodeIgniter\Session\Handlers\FileHandler' driver.
INFO - 2023-06-16 09:35:57 --> Session: Class initialized using 'CodeIgniter\Session\Handlers\FileHandler' driver.
INFO - 2023-06-16 09:36:24 --> Session: Class initialized using 'CodeIgniter\Session\Handlers\FileHandler' driver.
INFO - 2023-06-16 09:36:26 --> Session: Class initialized using 'CodeIgniter\Session\Handlers\FileHandler' driver.
INFO - 2023-06-16 09:36:39 --> Session: Class initialized using 'CodeIgniter\Session\Handlers\FileHandler' driver.
INFO - 2023-06-16 09:36:42 --> Session: Class initialized using 'CodeIgniter\Session\Handlers\FileHandler' driver.
INFO - 2023-06-16 09:36:44 --> Session: Class initialized using 'CodeIgniter\Session\Handlers\FileHandler' driver.
INFO - 2023-06-16 09:37:49 --> Session: Class initialized using 'CodeIgniter\Session\Handlers\FileHandler' driver.
INFO - 2023-06-16 09:37:52 --> Session: Class initialized using 'CodeIgniter\Session\Handlers\FileHandler' driver.
INFO - 2023-06-16 09:37:56 --> Session: Class initialized using 'CodeIgniter\Session\Handlers\FileHandler' driver.
INFO - 2023-06-16 10:54:58 --> Session: Class initialized using 'CodeIgniter\Session\Handlers\FileHandler' driver.
INFO - 2023-06-16 11:04:37 --> Session: Class initialized using 'CodeIgniter\Session\Handlers\FileHandler' driver.
CRITICAL - 2023-06-16 11:04:37 --> Class "App\Models\DateTime" not found
in APPPATH\Models\VentaModel.php on line 187.
 1 APPPATH\Controllers\Reporte.php(48): App\Models\VentaModel->ajax_reporte([...])
 2 SYSTEMPATH\CodeIgniter.php(934): App\Controllers\Reporte->ajax_reporte()
 3 SYSTEMPATH\CodeIgniter.php(499): CodeIgniter\CodeIgniter->runController(Object(App\Controllers\Reporte))
 4 SYSTEMPATH\CodeIgniter.php(368): CodeIgniter\CodeIgniter->handleRequest(null, Object(Config\Cache), false)
 5 FCPATH\index.php(67): CodeIgniter\CodeIgniter->run()
INFO - 2023-06-16 11:04:57 --> Session: Class initialized using 'CodeIgniter\Session\Handlers\FileHandler' driver.
CRITICAL - 2023-06-16 11:04:57 --> Class "App\Models\DateTime" not found
in APPPATH\Models\VentaModel.php on line 187.
 1 APPPATH\Controllers\Reporte.php(48): App\Models\VentaModel->ajax_reporte([...])
 2 SYSTEMPATH\CodeIgniter.php(934): App\Controllers\Reporte->ajax_reporte()
 3 SYSTEMPATH\CodeIgniter.php(499): CodeIgniter\CodeIgniter->runController(Object(App\Controllers\Reporte))
 4 SYSTEMPATH\CodeIgniter.php(368): CodeIgniter\CodeIgniter->handleRequest(null, Object(Config\Cache), false)
 5 FCPATH\index.php(67): CodeIgniter\CodeIgniter->run()
INFO - 2023-06-16 11:05:08 --> Session: Class initialized using 'CodeIgniter\Session\Handlers\FileHandler' driver.
INFO - 2023-06-16 11:07:45 --> Session: Class initialized using 'CodeIgniter\Session\Handlers\FileHandler' driver.
INFO - 2023-06-16 11:07:48 --> Session: Class initialized using 'CodeIgniter\Session\Handlers\FileHandler' driver.
INFO - 2023-06-16 11:07:50 --> Session: Class initialized using 'CodeIgniter\Session\Handlers\FileHandler' driver.
INFO - 2023-06-16 11:07:58 --> Session: Class initialized using 'CodeIgniter\Session\Handlers\FileHandler' driver.
INFO - 2023-06-16 11:08:02 --> Session: Class initialized using 'CodeIgniter\Session\Handlers\FileHandler' driver.
INFO - 2023-06-16 11:08:03 --> Session: Class initialized using 'CodeIgniter\Session\Handlers\FileHandler' driver.
INFO - 2023-06-16 11:08:07 --> Session: Class initialized using 'CodeIgniter\Session\Handlers\FileHandler' driver.
INFO - 2023-06-16 11:08:12 --> Session: Class initialized using 'CodeIgniter\Session\Handlers\FileHandler' driver.
INFO - 2023-06-16 11:08:18 --> Session: Class initialized using 'CodeIgniter\Session\Handlers\FileHandler' driver.
INFO - 2023-06-16 11:08:19 --> Session: Class initialized using 'CodeIgniter\Session\Handlers\FileHandler' driver.
INFO - 2023-06-16 11:08:19 --> Session: Class initialized using 'CodeIgniter\Session\Handlers\FileHandler' driver.
INFO - 2023-06-16 11:08:19 --> Session: Class initialized using 'CodeIgniter\Session\Handlers\FileHandler' driver.
INFO - 2023-06-16 11:08:21 --> Session: Class initialized using 'CodeIgniter\Session\Handlers\FileHandler' driver.
INFO - 2023-06-16 11:08:24 --> Session: Class initialized using 'CodeIgniter\Session\Handlers\FileHandler' driver.
INFO - 2023-06-16 11:08:28 --> Session: Class initialized using 'CodeIgniter\Session\Handlers\FileHandler' driver.
INFO - 2023-06-16 11:08:35 --> Session: Class initialized using 'CodeIgniter\Session\Handlers\FileHandler' driver.
